This file contains any messages produced by compilers while
running configure, to aid debugging if configure makes a mistake.

It was created by hunspell configure 1.2.1, which was
generated by GNU Autoconf 2.59.  Invocation command line was

  $ ./configure 

## --------- ##
## Platform. ##
## --------- ##

hostname = 220-128-103-142.HINET-IP.hinet.net
uname -m = i386
uname -r = 9.0.0
uname -s = Darwin
uname -v = Darwin Kernel Version 9.0.0: Tue Oct  9 21:35:55 PDT 2007; root:xnu-1228~1/RELEASE_I386

/usr/bin/uname -p = i386
/bin/uname -X     = unknown

/bin/arch              = unknown
/usr/bin/arch -k       = unknown
/usr/convex/getsysinfo = unknown
hostinfo               = Mach kernel version:
	 Darwin Kernel Version 9.0.0: Tue Oct  9 21:35:55 PDT 2007; root:xnu-1228~1/RELEASE_I386
Kernel configured for up to 2 processors.
2 processors are physically available.
2 processors are logically available.
Processor type: i486 (Intel 80486)
Processors active: 0 1
Primary memory available: 2.00 gigabytes
Default processor set: 116 tasks, 545 threads, 2 processors
Load average: 0.33, Mach factor: 1.65
/bin/machine           = unknown
/usr/bin/oslevel       = unknown
/bin/universe          = unknown

PATH: /usr/bin
PATH: /bin
PATH: /usr/sbin
PATH: /sbin
PATH: /usr/local/bin
PATH: /usr/X11/bin
PATH: /usr/local/bin
PATH: /usr/bin
PATH: /opt/local/bin
PATH: /Applications/eclipse/android_sdk_darwin_m3-rc20a/tools


## ----------- ##
## Core tests. ##
## ----------- ##

configure:1556: checking build system type
configure:1574: result: i686-apple-darwin9.0.0
configure:1582: checking host system type
configure:1596: result: i686-apple-darwin9.0.0
configure:1604: checking target system type
configure:1618: result: i686-apple-darwin9.0.0
configure:1651: checking for a BSD-compatible install
configure:1706: result: /usr/bin/install -c
configure:1717: checking whether build environment is sane
configure:1760: result: yes
configure:1825: checking for gawk
configure:1841: found /opt/local/bin/gawk
configure:1851: result: gawk
configure:1861: checking whether make sets $(MAKE)
configure:1881: result: yes
configure:2116: checking for g++
configure:2132: found /usr/bin/g++
configure:2142: result: g++
configure:2158: checking for C++ compiler version
configure:2161: g++ --version </dev/null >&5
i686-apple-darwin9-g++-4.0.1 (GCC) 4.0.1 (Apple Inc. build 5465)
Copyright (C) 2005 Free Software Foundation, Inc.
This is free software; see the source for copying conditions.  There is NO
warranty; not even for MERCHANTABILITY or FITNESS FOR A PARTICULAR PURPOSE.

configure:2164: $? = 0
configure:2166: g++ -v </dev/null >&5
Using built-in specs.
Target: i686-apple-darwin9
Configured with: /var/tmp/gcc/gcc-5465~16/src/configure --disable-checking -enable-werror --prefix=/usr --mandir=/share/man --enable-languages=c,objc,c++,obj-c++ --program-transform-name=/^[cg][^.-]*$/s/$/-4.0/ --with-gxx-include-dir=/include/c++/4.0.0 --with-slibdir=/usr/lib --build=i686-apple-darwin9 --with-arch=apple --with-tune=generic --host=i686-apple-darwin9 --target=i686-apple-darwin9
Thread model: posix
gcc version 4.0.1 (Apple Inc. build 5465)
configure:2169: $? = 0
configure:2171: g++ -V </dev/null >&5
g++-4.0: argument to `-V' is missing
configure:2174: $? = 1
configure:2197: checking for C++ compiler default output file name
configure:2200: g++    conftest.cc  >&5
configure:2203: $? = 0
configure:2249: result: a.out
configure:2254: checking whether the C++ compiler works
configure:2260: ./a.out
configure:2263: $? = 0
configure:2280: result: yes
configure:2287: checking whether we are cross compiling
configure:2289: result: no
configure:2292: checking for suffix of executables
configure:2294: g++ -o conftest    conftest.cc  >&5
configure:2297: $? = 0
configure:2322: result: 
configure:2328: checking for suffix of object files
configure:2349: g++ -c   conftest.cc >&5
configure:2352: $? = 0
configure:2374: result: o
configure:2378: checking whether we are using the GNU C++ compiler
configure:2402: g++ -c   conftest.cc >&5
configure:2408: $? = 0
configure:2412: test -z 
			 || test ! -s conftest.err
configure:2415: $? = 0
configure:2418: test -s conftest.o
configure:2421: $? = 0
configure:2434: result: yes
configure:2440: checking whether g++ accepts -g
configure:2461: g++ -c -g  conftest.cc >&5
configure:2467: $? = 0
configure:2471: test -z 
			 || test ! -s conftest.err
configure:2474: $? = 0
configure:2477: test -s conftest.o
configure:2480: $? = 0
configure:2491: result: yes
configure:2533: g++ -c -g -O2  conftest.cc >&5
configure:2539: $? = 0
configure:2543: test -z 
			 || test ! -s conftest.err
configure:2546: $? = 0
configure:2549: test -s conftest.o
configure:2552: $? = 0
configure:2578: g++ -c -g -O2  conftest.cc >&5
conftest.cc: In function 'int main()':
conftest.cc:15: error: 'exit' was not declared in this scope
configure:2584: $? = 1
configure: failed program was:
| /* confdefs.h.  */
| 
| #define PACKAGE_NAME "hunspell"
| #define PACKAGE_TARNAME "hunspell"
| #define PACKAGE_VERSION "1.2.1"
| #define PACKAGE_STRING "hunspell 1.2.1"
| #define PACKAGE_BUGREPORT "nemeth@openoffice.org"
| #define PACKAGE "hunspell"
| #define VERSION "1.2.1"
| /* end confdefs.h.  */
| 
| int
| main ()
| {
| exit (42);
|   ;
|   return 0;
| }
configure:2533: g++ -c -g -O2  conftest.cc >&5
/usr/include/stdlib.h:159: error: declaration of 'void std::exit(int)' throws different exceptions
conftest.cc:11: error: than previous declaration 'void std::exit(int) throw ()'
configure:2539: $? = 1
configure: failed program was:
| /* confdefs.h.  */
| 
| #define PACKAGE_NAME "hunspell"
| #define PACKAGE_TARNAME "hunspell"
| #define PACKAGE_VERSION "1.2.1"
| #define PACKAGE_STRING "hunspell 1.2.1"
| #define PACKAGE_BUGREPORT "nemeth@openoffice.org"
| #define PACKAGE "hunspell"
| #define VERSION "1.2.1"
| /* end confdefs.h.  */
| extern "C" void std::exit (int) throw (); using std::exit;
| #include <stdlib.h>
| int
| main ()
| {
| exit (42);
|   ;
|   return 0;
| }
configure:2533: g++ -c -g -O2  conftest.cc >&5
configure:2539: $? = 0
configure:2543: test -z 
			 || test ! -s conftest.err
configure:2546: $? = 0
configure:2549: test -s conftest.o
configure:2552: $? = 0
configure:2578: g++ -c -g -O2  conftest.cc >&5
configure:2584: $? = 0
configure:2588: test -z 
			 || test ! -s conftest.err
configure:2591: $? = 0
configure:2594: test -s conftest.o
configure:2597: $? = 0
configure:2631: checking for style of include used by make
configure:2659: result: GNU
configure:2687: checking dependency style of g++
configure:2777: result: gcc3
configure:2840: checking for gcc
configure:2856: found /usr/bin/gcc
configure:2866: result: gcc
configure:3110: checking for C compiler version
configure:3113: gcc --version </dev/null >&5
i686-apple-darwin9-gcc-4.0.1 (GCC) 4.0.1 (Apple Inc. build 5465)
Copyright (C) 2005 Free Software Foundation, Inc.
This is free software; see the source for copying conditions.  There is NO
warranty; not even for MERCHANTABILITY or FITNESS FOR A PARTICULAR PURPOSE.

configure:3116: $? = 0
configure:3118: gcc -v </dev/null >&5
Using built-in specs.
Target: i686-apple-darwin9
Configured with: /var/tmp/gcc/gcc-5465~16/src/configure --disable-checking -enable-werror --prefix=/usr --mandir=/share/man --enable-languages=c,objc,c++,obj-c++ --program-transform-name=/^[cg][^.-]*$/s/$/-4.0/ --with-gxx-include-dir=/include/c++/4.0.0 --with-slibdir=/usr/lib --build=i686-apple-darwin9 --with-arch=apple --with-tune=generic --host=i686-apple-darwin9 --target=i686-apple-darwin9
Thread model: posix
gcc version 4.0.1 (Apple Inc. build 5465)
configure:3121: $? = 0
configure:3123: gcc -V </dev/null >&5
gcc-4.0: argument to `-V' is missing
configure:3126: $? = 1
configure:3129: checking whether we are using the GNU C compiler
configure:3153: gcc -c   conftest.c >&5
configure:3159: $? = 0
configure:3163: test -z 
			 || test ! -s conftest.err
configure:3166: $? = 0
configure:3169: test -s conftest.o
configure:3172: $? = 0
configure:3185: result: yes
configure:3191: checking whether gcc accepts -g
configure:3212: gcc -c -g  conftest.c >&5
configure:3218: $? = 0
configure:3222: test -z 
			 || test ! -s conftest.err
configure:3225: $? = 0
configure:3228: test -s conftest.o
configure:3231: $? = 0
configure:3242: result: yes
configure:3259: checking for gcc option to accept ANSI C
configure:3329: gcc  -c -g -O2  conftest.c >&5
configure:3335: $? = 0
configure:3339: test -z 
			 || test ! -s conftest.err
configure:3342: $? = 0
configure:3345: test -s conftest.o
configure:3348: $? = 0
configure:3366: result: none needed
configure:3384: gcc -c -g -O2  conftest.c >&5
conftest.c:2: error: syntax error before 'me'
configure:3390: $? = 1
configure: failed program was:
| #ifndef __cplusplus
|   choke me
| #endif
configure:3525: checking dependency style of gcc
configure:3615: result: gcc3
configure:3704: checking for a sed that does not truncate output
configure:3760: result: /usr/bin/sed
configure:3763: checking for egrep
configure:3773: result: grep -E
configure:3789: checking for ld used by gcc
configure:3856: result: /usr/libexec/gcc/i686-apple-darwin9/4.0.1/ld
configure:3865: checking if the linker (/usr/libexec/gcc/i686-apple-darwin9/4.0.1/ld) is GNU ld
configure:3880: result: no
configure:3885: checking for /usr/libexec/gcc/i686-apple-darwin9/4.0.1/ld option to reload object files
configure:3892: result: -r
configure:3910: checking for BSD-compatible nm
configure:3959: result: /usr/bin/nm -p
configure:3963: checking whether ln -s works
configure:3967: result: yes
configure:3974: checking how to recognise dependent libraries
configure:4150: result: pass_all
configure:4387: checking how to run the C preprocessor
configure:4422: gcc -E  conftest.c
configure:4428: $? = 0
configure:4460: gcc -E  conftest.c
conftest.c:14:28: error: ac_nonexistent.h: No such file or directory
configure:4466: $? = 1
configure: failed program was:
| /* confdefs.h.  */
| 
| #define PACKAGE_NAME "hunspell"
| #define PACKAGE_TARNAME "hunspell"
| #define PACKAGE_VERSION "1.2.1"
| #define PACKAGE_STRING "hunspell 1.2.1"
| #define PACKAGE_BUGREPORT "nemeth@openoffice.org"
| #define PACKAGE "hunspell"
| #define VERSION "1.2.1"
| #ifdef __cplusplus
| extern "C" void std::exit (int); using std::exit;
| #endif
| /* end confdefs.h.  */
| #include <ac_nonexistent.h>
configure:4505: result: gcc -E
configure:4529: gcc -E  conftest.c
configure:4535: $? = 0
configure:4567: gcc -E  conftest.c
conftest.c:14:28: error: ac_nonexistent.h: No such file or directory
configure:4573: $? = 1
configure: failed program was:
| /* confdefs.h.  */
| 
| #define PACKAGE_NAME "hunspell"
| #define PACKAGE_TARNAME "hunspell"
| #define PACKAGE_VERSION "1.2.1"
| #define PACKAGE_STRING "hunspell 1.2.1"
| #define PACKAGE_BUGREPORT "nemeth@openoffice.org"
| #define PACKAGE "hunspell"
| #define VERSION "1.2.1"
| #ifdef __cplusplus
| extern "C" void std::exit (int); using std::exit;
| #endif
| /* end confdefs.h.  */
| #include <ac_nonexistent.h>
configure:4617: checking for ANSI C header files
configure:4642: gcc -c -g -O2  conftest.c >&5
configure:4648: $? = 0
configure:4652: test -z 
			 || test ! -s conftest.err
configure:4655: $? = 0
configure:4658: test -s conftest.o
configure:4661: $? = 0
configure:4750: gcc -o conftest -g -O2   conftest.c  >&5
conftest.c: In function 'main':
conftest.c:31: warning: incompatible implicit declaration of built-in function 'exit'
configure:4753: $? = 0
configure:4755: ./conftest
configure:4758: $? = 0
configure:4773: result: yes
configure:4797: checking for sys/types.h
configure:4813: gcc -c -g -O2  conftest.c >&5
configure:4819: $? = 0
configure:4823: test -z 
			 || test ! -s conftest.err
configure:4826: $? = 0
configure:4829: test -s conftest.o
configure:4832: $? = 0
configure:4843: result: yes
configure:4797: checking for sys/stat.h
configure:4813: gcc -c -g -O2  conftest.c >&5
configure:4819: $? = 0
configure:4823: test -z 
			 || test ! -s conftest.err
configure:4826: $? = 0
configure:4829: test -s conftest.o
configure:4832: $? = 0
configure:4843: result: yes
configure:4797: checking for stdlib.h
configure:4813: gcc -c -g -O2  conftest.c >&5
configure:4819: $? = 0
configure:4823: test -z 
			 || test ! -s conftest.err
configure:4826: $? = 0
configure:4829: test -s conftest.o
configure:4832: $? = 0
configure:4843: result: yes
configure:4797: checking for string.h
configure:4813: gcc -c -g -O2  conftest.c >&5
configure:4819: $? = 0
configure:4823: test -z 
			 || test ! -s conftest.err
configure:4826: $? = 0
configure:4829: test -s conftest.o
configure:4832: $? = 0
configure:4843: result: yes
configure:4797: checking for memory.h
configure:4813: gcc -c -g -O2  conftest.c >&5
configure:4819: $? = 0
configure:4823: test -z 
			 || test ! -s conftest.err
configure:4826: $? = 0
configure:4829: test -s conftest.o
configure:4832: $? = 0
configure:4843: result: yes
configure:4797: checking for strings.h
configure:4813: gcc -c -g -O2  conftest.c >&5
configure:4819: $? = 0
configure:4823: test -z 
			 || test ! -s conftest.err
configure:4826: $? = 0
configure:4829: test -s conftest.o
configure:4832: $? = 0
configure:4843: result: yes
configure:4797: checking for inttypes.h
configure:4813: gcc -c -g -O2  conftest.c >&5
configure:4819: $? = 0
configure:4823: test -z 
			 || test ! -s conftest.err
configure:4826: $? = 0
configure:4829: test -s conftest.o
configure:4832: $? = 0
configure:4843: result: yes
configure:4797: checking for stdint.h
configure:4813: gcc -c -g -O2  conftest.c >&5
configure:4819: $? = 0
configure:4823: test -z 
			 || test ! -s conftest.err
configure:4826: $? = 0
configure:4829: test -s conftest.o
configure:4832: $? = 0
configure:4843: result: yes
configure:4797: checking for unistd.h
configure:4813: gcc -c -g -O2  conftest.c >&5
configure:4819: $? = 0
configure:4823: test -z 
			 || test ! -s conftest.err
configure:4826: $? = 0
configure:4829: test -s conftest.o
configure:4832: $? = 0
configure:4843: result: yes
configure:4869: checking dlfcn.h usability
configure:4881: gcc -c -g -O2  conftest.c >&5
configure:4887: $? = 0
configure:4891: test -z 
			 || test ! -s conftest.err
configure:4894: $? = 0
configure:4897: test -s conftest.o
configure:4900: $? = 0
configure:4910: result: yes
configure:4914: checking dlfcn.h presence
configure:4924: gcc -E  conftest.c
configure:4930: $? = 0
configure:4950: result: yes
configure:4985: checking for dlfcn.h
configure:4992: result: yes
configure:5015: checking how to run the C++ preprocessor
configure:5046: g++ -E  conftest.cc
configure:5052: $? = 0
configure:5084: g++ -E  conftest.cc
conftest.cc:25:28: error: ac_nonexistent.h: No such file or directory
configure:5090: $? = 1
configure: failed program was:
| /* confdefs.h.  */
| 
| #define PACKAGE_NAME "hunspell"
| #define PACKAGE_TARNAME "hunspell"
| #define PACKAGE_VERSION "1.2.1"
| #define PACKAGE_STRING "hunspell 1.2.1"
| #define PACKAGE_BUGREPORT "nemeth@openoffice.org"
| #define PACKAGE "hunspell"
| #define VERSION "1.2.1"
| #ifdef __cplusplus
| extern "C" void std::exit (int); using std::exit;
| #endif
| #define STDC_HEADERS 1
| #define HAVE_SYS_TYPES_H 1
| #define HAVE_SYS_STAT_H 1
| #define HAVE_STDLIB_H 1
| #define HAVE_STRING_H 1
| #define HAVE_MEMORY_H 1
| #define HAVE_STRINGS_H 1
| #define HAVE_INTTYPES_H 1
| #define HAVE_STDINT_H 1
| #define HAVE_UNISTD_H 1
| #define HAVE_DLFCN_H 1
| /* end confdefs.h.  */
| #include <ac_nonexistent.h>
configure:5129: result: g++ -E
configure:5153: g++ -E  conftest.cc
configure:5159: $? = 0
configure:5191: g++ -E  conftest.cc
conftest.cc:25:28: error: ac_nonexistent.h: No such file or directory
configure:5197: $? = 1
configure: failed program was:
| /* confdefs.h.  */
| 
| #define PACKAGE_NAME "hunspell"
| #define PACKAGE_TARNAME "hunspell"
| #define PACKAGE_VERSION "1.2.1"
| #define PACKAGE_STRING "hunspell 1.2.1"
| #define PACKAGE_BUGREPORT "nemeth@openoffice.org"
| #define PACKAGE "hunspell"
| #define VERSION "1.2.1"
| #ifdef __cplusplus
| extern "C" void std::exit (int); using std::exit;
| #endif
| #define STDC_HEADERS 1
| #define HAVE_SYS_TYPES_H 1
| #define HAVE_SYS_STAT_H 1
| #define HAVE_STDLIB_H 1
| #define HAVE_STRING_H 1
| #define HAVE_MEMORY_H 1
| #define HAVE_STRINGS_H 1
| #define HAVE_INTTYPES_H 1
| #define HAVE_STDINT_H 1
| #define HAVE_UNISTD_H 1
| #define HAVE_DLFCN_H 1
| /* end confdefs.h.  */
| #include <ac_nonexistent.h>
configure:5294: checking for g77
configure:5323: result: no
configure:5294: checking for f77
configure:5323: result: no
configure:5294: checking for xlf
configure:5323: result: no
configure:5294: checking for frt
configure:5323: result: no
configure:5294: checking for pgf77
configure:5323: result: no
configure:5294: checking for fort77
configure:5323: result: no
configure:5294: checking for fl32
configure:5323: result: no
configure:5294: checking for af77
configure:5323: result: no
configure:5294: checking for f90
configure:5323: result: no
configure:5294: checking for xlf90
configure:5323: result: no
configure:5294: checking for pgf90
configure:5323: result: no
configure:5294: checking for epcf90
configure:5323: result: no
configure:5294: checking for f95
configure:5323: result: no
configure:5294: checking for fort
configure:5323: result: no
configure:5294: checking for xlf95
configure:5323: result: no
configure:5294: checking for ifc
configure:5323: result: no
configure:5294: checking for efc
configure:5323: result: no
configure:5294: checking for pgf95
configure:5323: result: no
configure:5294: checking for lf95
configure:5323: result: no
configure:5294: checking for gfortran
configure:5323: result: no
configure:5335: checking for Fortran 77 compiler version
configure:5338:  --version </dev/null >&5
./configure: line 5339: --version: command not found
configure:5341: $? = 127
configure:5343:  -v </dev/null >&5
./configure: line 5344: -v: command not found
configure:5346: $? = 127
configure:5348:  -V </dev/null >&5
./configure: line 5349: -V: command not found
configure:5351: $? = 127
configure:5359: checking whether we are using the GNU Fortran 77 compiler
configure:5373:  -c  conftest.F >&5
./configure: line 5374: -c: command not found
configure:5379: $? = 127
configure: failed program was:
|       program main
| #ifndef __GNUC__
|        choke me
| #endif
| 
|       end
configure:5405: result: no
configure:5411: checking whether  accepts -g
configure:5423:  -c -g conftest.f >&5
./configure: line 5424: -c: command not found
configure:5429: $? = 127
configure: failed program was:
|       program main
| 
|       end
configure:5454: result: no
configure:5484: checking the maximum length of command line arguments
configure:5593: result: 196608
configure:5604: checking command to parse /usr/bin/nm -p output from gcc object
configure:5709: gcc -c -g -O2  conftest.c >&5
configure:5712: $? = 0
configure:5716: /usr/bin/nm -p conftest.o \| sed -n -e 's/^.*[ 	]\([BCDEGRST][BCDEGRST]*\)[ 	][ 	]*\([_A-Za-z][_A-Za-z0-9]*\)$/\1 \2 \2/p' \> conftest.nm
configure:5719: $? = 0
cannot find nm_test_var in conftest.nm
configure:5709: gcc -c -g -O2  conftest.c >&5
configure:5712: $? = 0
configure:5716: /usr/bin/nm -p conftest.o \| sed -n -e 's/^.*[ 	]\([BCDEGRST][BCDEGRST]*\)[ 	][ 	]*_\([_A-Za-z][_A-Za-z0-9]*\)$/\1 _\2 \2/p' \> conftest.nm
configure:5719: $? = 0
configure:5771: gcc -o conftest -g -O2   conftest.c conftstm.o >&5
configure:5774: $? = 0
configure:5812: result: ok
configure:5816: checking for objdir
configure:5831: result: .libs
configure:5921: checking for ar
configure:5937: found /usr/bin/ar
configure:5948: result: ar
configure:6001: checking for ranlib
configure:6017: found /usr/bin/ranlib
configure:6028: result: ranlib
configure:6081: checking for strip
configure:6097: found /usr/bin/strip
configure:6108: result: strip
configure:6380: checking if gcc supports -fno-rtti -fno-exceptions
configure:6398: gcc -c -g -O2  -fno-rtti -fno-exceptions conftest.c >&5
cc1: warning: command line option "-fno-rtti" is valid for C++/ObjC++ but not for C
configure:6402: $? = 0
configure:6415: result: no
configure:6430: checking for gcc option to produce PIC
configure:6640: result: -fno-common
configure:6648: checking if gcc PIC flag -fno-common works
configure:6666: gcc -c -g -O2  -fno-common -DPIC conftest.c >&5
configure:6670: $? = 0
configure:6683: result: yes
configure:6711: checking if gcc static flag -static works
configure:6739: result: no
configure:6749: checking if gcc supports -c -o file.o
configure:6770: gcc -c -g -O2  -o out/conftest2.o conftest.c >&5
configure:6774: $? = 0
configure:6796: result: yes
configure:6822: checking whether the gcc linker (/usr/libexec/gcc/i686-apple-darwin9/4.0.1/ld) supports shared libraries
configure:7780: result: yes
configure:7847: checking dynamic linker characteristics
configure:8456: result: darwin9.0.0 dyld
configure:8465: checking how to hardcode library paths into programs
configure:8490: result: immediate
configure:8504: checking whether stripping libraries is possible
configure:8517: result: yes
configure:9343: checking if libtool supports shared libraries
configure:9345: result: yes
configure:9348: checking whether to build shared libraries
configure:9369: result: yes
configure:9372: checking whether to build static libraries
configure:9376: result: yes
configure:9468: creating libtool
configure:10059: checking for ld used by g++
configure:10126: result: /usr/libexec/gcc/i686-apple-darwin9/4.0.1/ld
configure:10135: checking if the linker (/usr/libexec/gcc/i686-apple-darwin9/4.0.1/ld) is GNU ld
configure:10150: result: no
configure:10201: checking whether the g++ linker (/usr/libexec/gcc/i686-apple-darwin9/4.0.1/ld) supports shared libraries
configure:11139: result: yes
configure:11157: g++ -c -g -O2  conftest.cpp >&5
configure:11160: $? = 0
configure:11279: checking for g++ option to produce PIC
configure:11553: result: -fno-common
configure:11561: checking if g++ PIC flag -fno-common works
configure:11579: g++ -c -g -O2  -fno-common -DPIC conftest.cpp >&5
configure:11583: $? = 0
configure:11596: result: yes
configure:11624: checking if g++ static flag -static works
configure:11652: result: no
configure:11662: checking if g++ supports -c -o file.o
configure:11683: g++ -c -g -O2  -o out/conftest2.o conftest.cpp >&5
configure:11687: $? = 0
configure:11709: result: yes
configure:11735: checking whether the g++ linker (/usr/libexec/gcc/i686-apple-darwin9/4.0.1/ld) supports shared libraries
configure:11760: result: yes
configure:11827: checking dynamic linker characteristics
configure:12436: result: darwin9.0.0 dyld
configure:12445: checking how to hardcode library paths into programs
configure:12470: result: immediate
configure:18697: checking fcntl.h usability
configure:18709: gcc -c -g -O2  conftest.c >&5
configure:18715: $? = 0
configure:18719: test -z 
			 || test ! -s conftest.err
configure:18722: $? = 0
configure:18725: test -s conftest.o
configure:18728: $? = 0
configure:18738: result: yes
configure:18742: checking fcntl.h presence
configure:18752: gcc -E  conftest.c
configure:18758: $? = 0
configure:18778: result: yes
configure:18813: checking for fcntl.h
configure:18820: result: yes
configure:18697: checking libintl.h usability
configure:18709: gcc -c -g -O2  conftest.c >&5
conftest.c:60:21: error: libintl.h: No such file or directory
configure:18715: $? = 1
configure: failed program was:
| /* confdefs.h.  */
| 
| #define PACKAGE_NAME "hunspell"
| #define PACKAGE_TARNAME "hunspell"
| #define PACKAGE_VERSION "1.2.1"
| #define PACKAGE_STRING "hunspell 1.2.1"
| #define PACKAGE_BUGREPORT "nemeth@openoffice.org"
| #define PACKAGE "hunspell"
| #define VERSION "1.2.1"
| #ifdef __cplusplus
| extern "C" void std::exit (int); using std::exit;
| #endif
| #define STDC_HEADERS 1
| #define HAVE_SYS_TYPES_H 1
| #define HAVE_SYS_STAT_H 1
| #define HAVE_STDLIB_H 1
| #define HAVE_STRING_H 1
| #define HAVE_MEMORY_H 1
| #define HAVE_STRINGS_H 1
| #define HAVE_INTTYPES_H 1
| #define HAVE_STDINT_H 1
| #define HAVE_UNISTD_H 1
| #define HAVE_DLFCN_H 1
| #define HAVE_FCNTL_H 1
| /* end confdefs.h.  */
| #include <stdio.h>
| #if HAVE_SYS_TYPES_H
| # include <sys/types.h>
| #endif
| #if HAVE_SYS_STAT_H
| # include <sys/stat.h>
| #endif
| #if STDC_HEADERS
| # include <stdlib.h>
| # include <stddef.h>
| #else
| # if HAVE_STDLIB_H
| #  include <stdlib.h>
| # endif
| #endif
| #if HAVE_STRING_H
| # if !STDC_HEADERS && HAVE_MEMORY_H
| #  include <memory.h>
| # endif
| # include <string.h>
| #endif
| #if HAVE_STRINGS_H
| # include <strings.h>
| #endif
| #if HAVE_INTTYPES_H
| # include <inttypes.h>
| #else
| # if HAVE_STDINT_H
| #  include <stdint.h>
| # endif
| #endif
| #if HAVE_UNISTD_H
| # include <unistd.h>
| #endif
| #include <libintl.h>
configure:18738: result: no
configure:18742: checking libintl.h presence
configure:18752: gcc -E  conftest.c
conftest.c:26:21: error: libintl.h: No such file or directory
configure:18758: $? = 1
configure: failed program was:
| /* confdefs.h.  */
| 
| #define PACKAGE_NAME "hunspell"
| #define PACKAGE_TARNAME "hunspell"
| #define PACKAGE_VERSION "1.2.1"
| #define PACKAGE_STRING "hunspell 1.2.1"
| #define PACKAGE_BUGREPORT "nemeth@openoffice.org"
| #define PACKAGE "hunspell"
| #define VERSION "1.2.1"
| #ifdef __cplusplus
| extern "C" void std::exit (int); using std::exit;
| #endif
| #define STDC_HEADERS 1
| #define HAVE_SYS_TYPES_H 1
| #define HAVE_SYS_STAT_H 1
| #define HAVE_STDLIB_H 1
| #define HAVE_STRING_H 1
| #define HAVE_MEMORY_H 1
| #define HAVE_STRINGS_H 1
| #define HAVE_INTTYPES_H 1
| #define HAVE_STDINT_H 1
| #define HAVE_UNISTD_H 1
| #define HAVE_DLFCN_H 1
| #define HAVE_FCNTL_H 1
| /* end confdefs.h.  */
| #include <libintl.h>
configure:18778: result: no
configure:18813: checking for libintl.h
configure:18820: result: no
configure:18697: checking locale.h usability
configure:18709: gcc -c -g -O2  conftest.c >&5
configure:18715: $? = 0
configure:18719: test -z 
			 || test ! -s conftest.err
configure:18722: $? = 0
configure:18725: test -s conftest.o
configure:18728: $? = 0
configure:18738: result: yes
configure:18742: checking locale.h presence
configure:18752: gcc -E  conftest.c
configure:18758: $? = 0
configure:18778: result: yes
configure:18813: checking for locale.h
configure:18820: result: yes
configure:18688: checking for unistd.h
configure:18693: result: yes
configure:18697: checking error.h usability
configure:18709: gcc -c -g -O2  conftest.c >&5
conftest.c:62:19: error: error.h: No such file or directory
configure:18715: $? = 1
configure: failed program was:
| /* confdefs.h.  */
| 
| #define PACKAGE_NAME "hunspell"
| #define PACKAGE_TARNAME "hunspell"
| #define PACKAGE_VERSION "1.2.1"
| #define PACKAGE_STRING "hunspell 1.2.1"
| #define PACKAGE_BUGREPORT "nemeth@openoffice.org"
| #define PACKAGE "hunspell"
| #define VERSION "1.2.1"
| #ifdef __cplusplus
| extern "C" void std::exit (int); using std::exit;
| #endif
| #define STDC_HEADERS 1
| #define HAVE_SYS_TYPES_H 1
| #define HAVE_SYS_STAT_H 1
| #define HAVE_STDLIB_H 1
| #define HAVE_STRING_H 1
| #define HAVE_MEMORY_H 1
| #define HAVE_STRINGS_H 1
| #define HAVE_INTTYPES_H 1
| #define HAVE_STDINT_H 1
| #define HAVE_UNISTD_H 1
| #define HAVE_DLFCN_H 1
| #define HAVE_FCNTL_H 1
| #define HAVE_LOCALE_H 1
| #define HAVE_UNISTD_H 1
| /* end confdefs.h.  */
| #include <stdio.h>
| #if HAVE_SYS_TYPES_H
| # include <sys/types.h>
| #endif
| #if HAVE_SYS_STAT_H
| # include <sys/stat.h>
| #endif
| #if STDC_HEADERS
| # include <stdlib.h>
| # include <stddef.h>
| #else
| # if HAVE_STDLIB_H
| #  include <stdlib.h>
| # endif
| #endif
| #if HAVE_STRING_H
| # if !STDC_HEADERS && HAVE_MEMORY_H
| #  include <memory.h>
| # endif
| # include <string.h>
| #endif
| #if HAVE_STRINGS_H
| # include <strings.h>
| #endif
| #if HAVE_INTTYPES_H
| # include <inttypes.h>
| #else
| # if HAVE_STDINT_H
| #  include <stdint.h>
| # endif
| #endif
| #if HAVE_UNISTD_H
| # include <unistd.h>
| #endif
| #include <error.h>
configure:18738: result: no
configure:18742: checking error.h presence
configure:18752: gcc -E  conftest.c
conftest.c:28:19: error: error.h: No such file or directory
configure:18758: $? = 1
configure: failed program was:
| /* confdefs.h.  */
| 
| #define PACKAGE_NAME "hunspell"
| #define PACKAGE_TARNAME "hunspell"
| #define PACKAGE_VERSION "1.2.1"
| #define PACKAGE_STRING "hunspell 1.2.1"
| #define PACKAGE_BUGREPORT "nemeth@openoffice.org"
| #define PACKAGE "hunspell"
| #define VERSION "1.2.1"
| #ifdef __cplusplus
| extern "C" void std::exit (int); using std::exit;
| #endif
| #define STDC_HEADERS 1
| #define HAVE_SYS_TYPES_H 1
| #define HAVE_SYS_STAT_H 1
| #define HAVE_STDLIB_H 1
| #define HAVE_STRING_H 1
| #define HAVE_MEMORY_H 1
| #define HAVE_STRINGS_H 1
| #define HAVE_INTTYPES_H 1
| #define HAVE_STDINT_H 1
| #define HAVE_UNISTD_H 1
| #define HAVE_DLFCN_H 1
| #define HAVE_FCNTL_H 1
| #define HAVE_LOCALE_H 1
| #define HAVE_UNISTD_H 1
| /* end confdefs.h.  */
| #include <error.h>
configure:18778: result: no
configure:18813: checking for error.h
configure:18820: result: no
configure:18835: checking for an ANSI C-conforming const
configure:18902: gcc -c -g -O2  conftest.c >&5
configure:18908: $? = 0
configure:18912: test -z 
			 || test ! -s conftest.err
configure:18915: $? = 0
configure:18918: test -s conftest.o
configure:18921: $? = 0
configure:18932: result: yes
configure:18942: checking for inline
configure:18963: gcc -c -g -O2  conftest.c >&5
configure:18969: $? = 0
configure:18973: test -z 
			 || test ! -s conftest.err
configure:18976: $? = 0
configure:18979: test -s conftest.o
configure:18982: $? = 0
configure:18994: result: inline
configure:19015: checking for error_at_line
configure:19036: gcc -o conftest -g -O2   conftest.c  >&5
Undefined symbols:
  "_error_at_line", referenced from:
      _main in ccoRT1nw.o
ld: symbol(s) not found
collect2: ld returned 1 exit status
configure:19042: $? = 1
configure: failed program was:
| /* confdefs.h.  */
| 
| #define PACKAGE_NAME "hunspell"
| #define PACKAGE_TARNAME "hunspell"
| #define PACKAGE_VERSION "1.2.1"
| #define PACKAGE_STRING "hunspell 1.2.1"
| #define PACKAGE_BUGREPORT "nemeth@openoffice.org"
| #define PACKAGE "hunspell"
| #define VERSION "1.2.1"
| #ifdef __cplusplus
| extern "C" void std::exit (int); using std::exit;
| #endif
| #define STDC_HEADERS 1
| #define HAVE_SYS_TYPES_H 1
| #define HAVE_SYS_STAT_H 1
| #define HAVE_STDLIB_H 1
| #define HAVE_STRING_H 1
| #define HAVE_MEMORY_H 1
| #define HAVE_STRINGS_H 1
| #define HAVE_INTTYPES_H 1
| #define HAVE_STDINT_H 1
| #define HAVE_UNISTD_H 1
| #define HAVE_DLFCN_H 1
| #define HAVE_FCNTL_H 1
| #define HAVE_LOCALE_H 1
| #define HAVE_UNISTD_H 1
| /* end confdefs.h.  */
| #include <stdio.h>
| #if HAVE_SYS_TYPES_H
| # include <sys/types.h>
| #endif
| #if HAVE_SYS_STAT_H
| # include <sys/stat.h>
| #endif
| #if STDC_HEADERS
| # include <stdlib.h>
| # include <stddef.h>
| #else
| # if HAVE_STDLIB_H
| #  include <stdlib.h>
| # endif
| #endif
| #if HAVE_STRING_H
| # if !STDC_HEADERS && HAVE_MEMORY_H
| #  include <memory.h>
| # endif
| # include <string.h>
| #endif
| #if HAVE_STRINGS_H
| # include <strings.h>
| #endif
| #if HAVE_INTTYPES_H
| # include <inttypes.h>
| #else
| # if HAVE_STDINT_H
| #  include <stdint.h>
| # endif
| #endif
| #if HAVE_UNISTD_H
| # include <unistd.h>
| #endif
| int
| main ()
| {
| error_at_line (0, 0, "", 0, "");
|   ;
|   return 0;
| }
configure:19067: result: no
configure:19085: checking for stdlib.h
configure:19090: result: yes
configure:19230: checking for GNU libc compatible malloc
configure:19259: gcc -o conftest -g -O2   conftest.c  >&5
configure:19262: $? = 0
configure:19264: ./conftest
configure:19267: $? = 0
configure:19281: result: yes
configure:19311: checking for ANSI C header files
configure:19467: result: yes
configure:19484: checking for memchr
configure:19541: gcc -o conftest -g -O2   conftest.c  >&5
configure:19547: $? = 0
configure:19551: test -z 
			 || test ! -s conftest.err
configure:19554: $? = 0
configure:19557: test -s conftest
configure:19560: $? = 0
configure:19572: result: yes
configure:19484: checking for setlocale
configure:19541: gcc -o conftest -g -O2   conftest.c  >&5
configure:19547: $? = 0
configure:19551: test -z 
			 || test ! -s conftest.err
configure:19554: $? = 0
configure:19557: test -s conftest
configure:19560: $? = 0
configure:19572: result: yes
configure:19484: checking for strchr
configure:19541: gcc -o conftest -g -O2   conftest.c  >&5
conftest.c:57: warning: conflicting types for built-in function 'strchr'
configure:19547: $? = 0
configure:19551: test -z 
			 || test ! -s conftest.err
configure:19554: $? = 0
configure:19557: test -s conftest
configure:19560: $? = 0
configure:19572: result: yes
configure:19484: checking for strstr
configure:19541: gcc -o conftest -g -O2   conftest.c  >&5
conftest.c:58: warning: conflicting types for built-in function 'strstr'
configure:19547: $? = 0
configure:19551: test -z 
			 || test ! -s conftest.err
configure:19554: $? = 0
configure:19557: test -s conftest
configure:19560: $? = 0
configure:19572: result: yes
configure:19598: checking for msgfmt
configure:19626: result: /opt/local/bin/msgfmt
configure:19635: checking for gmsgfmt
configure:19666: result: /opt/local/bin/msgfmt
configure:19676: checking for xgettext
configure:19704: result: /opt/local/bin/xgettext
configure:19715: checking for msgmerge
configure:19742: result: /opt/local/bin/msgmerge
configure:19818: checking for ranlib
configure:19845: result: ranlib
configure:19858: checking for strerror in -lcposix
configure:19888: gcc -o conftest -g -O2   conftest.c -lcposix   >&5
ld: library not found for -lcposix
collect2: ld returned 1 exit status
configure:19894: $? = 1
configure: failed program was:
| /* confdefs.h.  */
| 
| #define PACKAGE_NAME "hunspell"
| #define PACKAGE_TARNAME "hunspell"
| #define PACKAGE_VERSION "1.2.1"
| #define PACKAGE_STRING "hunspell 1.2.1"
| #define PACKAGE_BUGREPORT "nemeth@openoffice.org"
| #define PACKAGE "hunspell"
| #define VERSION "1.2.1"
| #ifdef __cplusplus
| extern "C" void std::exit (int); using std::exit;
| #endif
| #define STDC_HEADERS 1
| #define HAVE_SYS_TYPES_H 1
| #define HAVE_SYS_STAT_H 1
| #define HAVE_STDLIB_H 1
| #define HAVE_STRING_H 1
| #define HAVE_MEMORY_H 1
| #define HAVE_STRINGS_H 1
| #define HAVE_INTTYPES_H 1
| #define HAVE_STDINT_H 1
| #define HAVE_UNISTD_H 1
| #define HAVE_DLFCN_H 1
| #define HAVE_FCNTL_H 1
| #define HAVE_LOCALE_H 1
| #define HAVE_UNISTD_H 1
| #define HAVE_STDLIB_H 1
| #define HAVE_MALLOC 1
| #define STDC_HEADERS 1
| #define HAVE_MEMCHR 1
| #define HAVE_SETLOCALE 1
| #define HAVE_STRCHR 1
| #define HAVE_STRSTR 1
| /* end confdefs.h.  */
| 
| /* Override any gcc2 internal prototype to avoid an error.  */
| #ifdef __cplusplus
| extern "C"
| #endif
| /* We use char because int might match the return type of a gcc2
|    builtin and then its argument prototype would still apply.  */
| char strerror ();
| int
| main ()
| {
| strerror ();
|   ;
|   return 0;
| }
configure:19920: result: no
configure:19928: checking for off_t
configure:19952: gcc -c -g -O2  conftest.c >&5
configure:19958: $? = 0
configure:19962: test -z 
			 || test ! -s conftest.err
configure:19965: $? = 0
configure:19968: test -s conftest.o
configure:19971: $? = 0
configure:19982: result: yes
configure:19994: checking for size_t
configure:20018: gcc -c -g -O2  conftest.c >&5
configure:20024: $? = 0
configure:20028: test -z 
			 || test ! -s conftest.err
configure:20031: $? = 0
configure:20034: test -s conftest.o
configure:20037: $? = 0
configure:20048: result: yes
configure:20062: checking for working alloca.h
configure:20083: gcc -o conftest -g -O2   conftest.c  >&5
configure:20089: $? = 0
configure:20093: test -z 
			 || test ! -s conftest.err
configure:20096: $? = 0
configure:20099: test -s conftest
configure:20102: $? = 0
configure:20114: result: yes
configure:20124: checking for alloca
configure:20165: gcc -o conftest -g -O2   conftest.c  >&5
configure:20171: $? = 0
configure:20175: test -z 
			 || test ! -s conftest.err
configure:20178: $? = 0
configure:20181: test -s conftest
configure:20184: $? = 0
configure:20196: result: yes
configure:20425: checking for stdlib.h
configure:20430: result: yes
configure:20425: checking for unistd.h
configure:20430: result: yes
configure:20574: checking for getpagesize
configure:20631: gcc -o conftest -g -O2   conftest.c  >&5
configure:20637: $? = 0
configure:20641: test -z 
			 || test ! -s conftest.err
configure:20644: $? = 0
configure:20647: test -s conftest
configure:20650: $? = 0
configure:20662: result: yes
configure:20672: checking for working mmap
configure:20814: gcc -o conftest -g -O2   conftest.c  >&5
configure:20817: $? = 0
configure:20819: ./conftest
configure:20822: $? = 0
configure:20836: result: yes
configure:20848: checking whether we are using the GNU C Library 2.1 or newer
conftest.c:42:22: error: features.h: No such file or directory
configure:20879: result: no
configure:20912: checking for ld used by GCC
configure:20975: result: /usr/libexec/gcc/i686-apple-darwin9/4.0.1/ld
configure:20984: checking if the linker (/usr/libexec/gcc/i686-apple-darwin9/4.0.1/ld) is GNU ld
configure:20996: result: no
configure:21002: checking for shared library run path origin
configure:21015: result: done
configure:21434: checking for iconv
configure:21461: gcc -o conftest -g -O2   conftest.c  >&5
Undefined symbols:
  "_iconv", referenced from:
      _main in ccwUjTuT.o
  "_iconv_close", referenced from:
      _main in ccwUjTuT.o
  "_iconv_open", referenced from:
      _main in ccwUjTuT.o
ld: symbol(s) not found
collect2: ld returned 1 exit status
configure:21467: $? = 1
configure: failed program was:
| /* confdefs.h.  */
| 
| #define PACKAGE_NAME "hunspell"
| #define PACKAGE_TARNAME "hunspell"
| #define PACKAGE_VERSION "1.2.1"
| #define PACKAGE_STRING "hunspell 1.2.1"
| #define PACKAGE_BUGREPORT "nemeth@openoffice.org"
| #define PACKAGE "hunspell"
| #define VERSION "1.2.1"
| #ifdef __cplusplus
| extern "C" void std::exit (int); using std::exit;
| #endif
| #define STDC_HEADERS 1
| #define HAVE_SYS_TYPES_H 1
| #define HAVE_SYS_STAT_H 1
| #define HAVE_STDLIB_H 1
| #define HAVE_STRING_H 1
| #define HAVE_MEMORY_H 1
| #define HAVE_STRINGS_H 1
| #define HAVE_INTTYPES_H 1
| #define HAVE_STDINT_H 1
| #define HAVE_UNISTD_H 1
| #define HAVE_DLFCN_H 1
| #define HAVE_FCNTL_H 1
| #define HAVE_LOCALE_H 1
| #define HAVE_UNISTD_H 1
| #define HAVE_STDLIB_H 1
| #define HAVE_MALLOC 1
| #define STDC_HEADERS 1
| #define HAVE_MEMCHR 1
| #define HAVE_SETLOCALE 1
| #define HAVE_STRCHR 1
| #define HAVE_STRSTR 1
| #define HAVE_ALLOCA_H 1
| #define HAVE_ALLOCA 1
| #define HAVE_STDLIB_H 1
| #define HAVE_UNISTD_H 1
| #define HAVE_GETPAGESIZE 1
| #define HAVE_MMAP 1
| /* end confdefs.h.  */
| #include <stdlib.h>
| #include <iconv.h>
| int
| main ()
| {
| iconv_t cd = iconv_open("","");
|        iconv(cd,NULL,NULL,NULL,NULL);
|        iconv_close(cd);
|   ;
|   return 0;
| }
configure:21512: gcc -o conftest -g -O2   conftest.c  -liconv >&5
configure:21518: $? = 0
configure:21522: test -z 
			 || test ! -s conftest.err
configure:21525: $? = 0
configure:21528: test -s conftest
configure:21531: $? = 0
configure:21546: result: yes
configure:21556: checking how to link with libiconv
configure:21558: result: -liconv
configure:21594: checking argz.h usability
configure:21606: gcc -c -g -O2  conftest.c >&5
conftest.c:76:18: error: argz.h: No such file or directory
configure:21612: $? = 1
configure: failed program was:
| /* confdefs.h.  */
| 
| #define PACKAGE_NAME "hunspell"
| #define PACKAGE_TARNAME "hunspell"
| #define PACKAGE_VERSION "1.2.1"
| #define PACKAGE_STRING "hunspell 1.2.1"
| #define PACKAGE_BUGREPORT "nemeth@openoffice.org"
| #define PACKAGE "hunspell"
| #define VERSION "1.2.1"
| #ifdef __cplusplus
| extern "C" void std::exit (int); using std::exit;
| #endif
| #define STDC_HEADERS 1
| #define HAVE_SYS_TYPES_H 1
| #define HAVE_SYS_STAT_H 1
| #define HAVE_STDLIB_H 1
| #define HAVE_STRING_H 1
| #define HAVE_MEMORY_H 1
| #define HAVE_STRINGS_H 1
| #define HAVE_INTTYPES_H 1
| #define HAVE_STDINT_H 1
| #define HAVE_UNISTD_H 1
| #define HAVE_DLFCN_H 1
| #define HAVE_FCNTL_H 1
| #define HAVE_LOCALE_H 1
| #define HAVE_UNISTD_H 1
| #define HAVE_STDLIB_H 1
| #define HAVE_MALLOC 1
| #define STDC_HEADERS 1
| #define HAVE_MEMCHR 1
| #define HAVE_SETLOCALE 1
| #define HAVE_STRCHR 1
| #define HAVE_STRSTR 1
| #define HAVE_ALLOCA_H 1
| #define HAVE_ALLOCA 1
| #define HAVE_STDLIB_H 1
| #define HAVE_UNISTD_H 1
| #define HAVE_GETPAGESIZE 1
| #define HAVE_MMAP 1
| #define HAVE_ICONV 1
| /* end confdefs.h.  */
| #include <stdio.h>
| #if HAVE_SYS_TYPES_H
| # include <sys/types.h>
| #endif
| #if HAVE_SYS_STAT_H
| # include <sys/stat.h>
| #endif
| #if STDC_HEADERS
| # include <stdlib.h>
| # include <stddef.h>
| #else
| # if HAVE_STDLIB_H
| #  include <stdlib.h>
| # endif
| #endif
| #if HAVE_STRING_H
| # if !STDC_HEADERS && HAVE_MEMORY_H
| #  include <memory.h>
| # endif
| # include <string.h>
| #endif
| #if HAVE_STRINGS_H
| # include <strings.h>
| #endif
| #if HAVE_INTTYPES_H
| # include <inttypes.h>
| #else
| # if HAVE_STDINT_H
| #  include <stdint.h>
| # endif
| #endif
| #if HAVE_UNISTD_H
| # include <unistd.h>
| #endif
| #include <argz.h>
configure:21635: result: no
configure:21639: checking argz.h presence
configure:21649: gcc -E  conftest.c
conftest.c:42:18: error: argz.h: No such file or directory
configure:21655: $? = 1
configure: failed program was:
| /* confdefs.h.  */
| 
| #define PACKAGE_NAME "hunspell"
| #define PACKAGE_TARNAME "hunspell"
| #define PACKAGE_VERSION "1.2.1"
| #define PACKAGE_STRING "hunspell 1.2.1"
| #define PACKAGE_BUGREPORT "nemeth@openoffice.org"
| #define PACKAGE "hunspell"
| #define VERSION "1.2.1"
| #ifdef __cplusplus
| extern "C" void std::exit (int); using std::exit;
| #endif
| #define STDC_HEADERS 1
| #define HAVE_SYS_TYPES_H 1
| #define HAVE_SYS_STAT_H 1
| #define HAVE_STDLIB_H 1
| #define HAVE_STRING_H 1
| #define HAVE_MEMORY_H 1
| #define HAVE_STRINGS_H 1
| #define HAVE_INTTYPES_H 1
| #define HAVE_STDINT_H 1
| #define HAVE_UNISTD_H 1
| #define HAVE_DLFCN_H 1
| #define HAVE_FCNTL_H 1
| #define HAVE_LOCALE_H 1
| #define HAVE_UNISTD_H 1
| #define HAVE_STDLIB_H 1
| #define HAVE_MALLOC 1
| #define STDC_HEADERS 1
| #define HAVE_MEMCHR 1
| #define HAVE_SETLOCALE 1
| #define HAVE_STRCHR 1
| #define HAVE_STRSTR 1
| #define HAVE_ALLOCA_H 1
| #define HAVE_ALLOCA 1
| #define HAVE_STDLIB_H 1
| #define HAVE_UNISTD_H 1
| #define HAVE_GETPAGESIZE 1
| #define HAVE_MMAP 1
| #define HAVE_ICONV 1
| /* end confdefs.h.  */
| #include <argz.h>
configure:21675: result: no
configure:21710: checking for argz.h
configure:21717: result: no
configure:21594: checking limits.h usability
configure:21606: gcc -c -g -O2  conftest.c >&5
configure:21612: $? = 0
configure:21616: test -z 
			 || test ! -s conftest.err
configure:21619: $? = 0
configure:21622: test -s conftest.o
configure:21625: $? = 0
configure:21635: result: yes
configure:21639: checking limits.h presence
configure:21649: gcc -E  conftest.c
configure:21655: $? = 0
configure:21675: result: yes
configure:21710: checking for limits.h
configure:21717: result: yes
configure:21585: checking for locale.h
configure:21590: result: yes
configure:21594: checking nl_types.h usability
configure:21606: gcc -c -g -O2  conftest.c >&5
configure:21612: $? = 0
configure:21616: test -z 
			 || test ! -s conftest.err
configure:21619: $? = 0
configure:21622: test -s conftest.o
configure:21625: $? = 0
configure:21635: result: yes
configure:21639: checking nl_types.h presence
configure:21649: gcc -E  conftest.c
configure:21655: $? = 0
configure:21675: result: yes
configure:21710: checking for nl_types.h
configure:21717: result: yes
configure:21594: checking malloc.h usability
configure:21606: gcc -c -g -O2  conftest.c >&5
conftest.c:79:20: error: malloc.h: No such file or directory
configure:21612: $? = 1
configure: failed program was:
| /* confdefs.h.  */
| 
| #define PACKAGE_NAME "hunspell"
| #define PACKAGE_TARNAME "hunspell"
| #define PACKAGE_VERSION "1.2.1"
| #define PACKAGE_STRING "hunspell 1.2.1"
| #define PACKAGE_BUGREPORT "nemeth@openoffice.org"
| #define PACKAGE "hunspell"
| #define VERSION "1.2.1"
| #ifdef __cplusplus
| extern "C" void std::exit (int); using std::exit;
| #endif
| #define STDC_HEADERS 1
| #define HAVE_SYS_TYPES_H 1
| #define HAVE_SYS_STAT_H 1
| #define HAVE_STDLIB_H 1
| #define HAVE_STRING_H 1
| #define HAVE_MEMORY_H 1
| #define HAVE_STRINGS_H 1
| #define HAVE_INTTYPES_H 1
| #define HAVE_STDINT_H 1
| #define HAVE_UNISTD_H 1
| #define HAVE_DLFCN_H 1
| #define HAVE_FCNTL_H 1
| #define HAVE_LOCALE_H 1
| #define HAVE_UNISTD_H 1
| #define HAVE_STDLIB_H 1
| #define HAVE_MALLOC 1
| #define STDC_HEADERS 1
| #define HAVE_MEMCHR 1
| #define HAVE_SETLOCALE 1
| #define HAVE_STRCHR 1
| #define HAVE_STRSTR 1
| #define HAVE_ALLOCA_H 1
| #define HAVE_ALLOCA 1
| #define HAVE_STDLIB_H 1
| #define HAVE_UNISTD_H 1
| #define HAVE_GETPAGESIZE 1
| #define HAVE_MMAP 1
| #define HAVE_ICONV 1
| #define HAVE_LIMITS_H 1
| #define HAVE_LOCALE_H 1
| #define HAVE_NL_TYPES_H 1
| /* end confdefs.h.  */
| #include <stdio.h>
| #if HAVE_SYS_TYPES_H
| # include <sys/types.h>
| #endif
| #if HAVE_SYS_STAT_H
| # include <sys/stat.h>
| #endif
| #if STDC_HEADERS
| # include <stdlib.h>
| # include <stddef.h>
| #else
| # if HAVE_STDLIB_H
| #  include <stdlib.h>
| # endif
| #endif
| #if HAVE_STRING_H
| # if !STDC_HEADERS && HAVE_MEMORY_H
| #  include <memory.h>
| # endif
| # include <string.h>
| #endif
| #if HAVE_STRINGS_H
| # include <strings.h>
| #endif
| #if HAVE_INTTYPES_H
| # include <inttypes.h>
| #else
| # if HAVE_STDINT_H
| #  include <stdint.h>
| # endif
| #endif
| #if HAVE_UNISTD_H
| # include <unistd.h>
| #endif
| #include <malloc.h>
configure:21635: result: no
configure:21639: checking malloc.h presence
configure:21649: gcc -E  conftest.c
conftest.c:45:20: error: malloc.h: No such file or directory
configure:21655: $? = 1
configure: failed program was:
| /* confdefs.h.  */
| 
| #define PACKAGE_NAME "hunspell"
| #define PACKAGE_TARNAME "hunspell"
| #define PACKAGE_VERSION "1.2.1"
| #define PACKAGE_STRING "hunspell 1.2.1"
| #define PACKAGE_BUGREPORT "nemeth@openoffice.org"
| #define PACKAGE "hunspell"
| #define VERSION "1.2.1"
| #ifdef __cplusplus
| extern "C" void std::exit (int); using std::exit;
| #endif
| #define STDC_HEADERS 1
| #define HAVE_SYS_TYPES_H 1
| #define HAVE_SYS_STAT_H 1
| #define HAVE_STDLIB_H 1
| #define HAVE_STRING_H 1
| #define HAVE_MEMORY_H 1
| #define HAVE_STRINGS_H 1
| #define HAVE_INTTYPES_H 1
| #define HAVE_STDINT_H 1
| #define HAVE_UNISTD_H 1
| #define HAVE_DLFCN_H 1
| #define HAVE_FCNTL_H 1
| #define HAVE_LOCALE_H 1
| #define HAVE_UNISTD_H 1
| #define HAVE_STDLIB_H 1
| #define HAVE_MALLOC 1
| #define STDC_HEADERS 1
| #define HAVE_MEMCHR 1
| #define HAVE_SETLOCALE 1
| #define HAVE_STRCHR 1
| #define HAVE_STRSTR 1
| #define HAVE_ALLOCA_H 1
| #define HAVE_ALLOCA 1
| #define HAVE_STDLIB_H 1
| #define HAVE_UNISTD_H 1
| #define HAVE_GETPAGESIZE 1
| #define HAVE_MMAP 1
| #define HAVE_ICONV 1
| #define HAVE_LIMITS_H 1
| #define HAVE_LOCALE_H 1
| #define HAVE_NL_TYPES_H 1
| /* end confdefs.h.  */
| #include <malloc.h>
configure:21675: result: no
configure:21710: checking for malloc.h
configure:21717: result: no
configure:21594: checking stddef.h usability
configure:21606: gcc -c -g -O2  conftest.c >&5
configure:21612: $? = 0
configure:21616: test -z 
			 || test ! -s conftest.err
configure:21619: $? = 0
configure:21622: test -s conftest.o
configure:21625: $? = 0
configure:21635: result: yes
configure:21639: checking stddef.h presence
configure:21649: gcc -E  conftest.c
configure:21655: $? = 0
configure:21675: result: yes
configure:21710: checking for stddef.h
configure:21717: result: yes
configure:21585: checking for stdlib.h
configure:21590: result: yes
configure:21585: checking for string.h
configure:21590: result: yes
configure:21585: checking for unistd.h
configure:21590: result: yes
configure:21594: checking sys/param.h usability
configure:21606: gcc -c -g -O2  conftest.c >&5
configure:21612: $? = 0
configure:21616: test -z 
			 || test ! -s conftest.err
configure:21619: $? = 0
configure:21622: test -s conftest.o
configure:21625: $? = 0
configure:21635: result: yes
configure:21639: checking sys/param.h presence
configure:21649: gcc -E  conftest.c
configure:21655: $? = 0
configure:21675: result: yes
configure:21710: checking for sys/param.h
configure:21717: result: yes
configure:21756: checking for feof_unlocked
configure:21813: gcc -o conftest -g -O2   conftest.c  >&5
configure:21819: $? = 0
configure:21823: test -z 
			 || test ! -s conftest.err
configure:21826: $? = 0
configure:21829: test -s conftest
configure:21832: $? = 0
configure:21844: result: yes
configure:21756: checking for fgets_unlocked
configure:21813: gcc -o conftest -g -O2   conftest.c  >&5
Undefined symbols:
  "_fgets_unlocked", referenced from:
      _f in ccHZJPzU.o
      _fgets_unlocked$non_lazy_ptr in ccHZJPzU.o
ld: symbol(s) not found
collect2: ld returned 1 exit status
configure:21819: $? = 1
configure: failed program was:
| /* confdefs.h.  */
| 
| #define PACKAGE_NAME "hunspell"
| #define PACKAGE_TARNAME "hunspell"
| #define PACKAGE_VERSION "1.2.1"
| #define PACKAGE_STRING "hunspell 1.2.1"
| #define PACKAGE_BUGREPORT "nemeth@openoffice.org"
| #define PACKAGE "hunspell"
| #define VERSION "1.2.1"
| #ifdef __cplusplus
| extern "C" void std::exit (int); using std::exit;
| #endif
| #define STDC_HEADERS 1
| #define HAVE_SYS_TYPES_H 1
| #define HAVE_SYS_STAT_H 1
| #define HAVE_STDLIB_H 1
| #define HAVE_STRING_H 1
| #define HAVE_MEMORY_H 1
| #define HAVE_STRINGS_H 1
| #define HAVE_INTTYPES_H 1
| #define HAVE_STDINT_H 1
| #define HAVE_UNISTD_H 1
| #define HAVE_DLFCN_H 1
| #define HAVE_FCNTL_H 1
| #define HAVE_LOCALE_H 1
| #define HAVE_UNISTD_H 1
| #define HAVE_STDLIB_H 1
| #define HAVE_MALLOC 1
| #define STDC_HEADERS 1
| #define HAVE_MEMCHR 1
| #define HAVE_SETLOCALE 1
| #define HAVE_STRCHR 1
| #define HAVE_STRSTR 1
| #define HAVE_ALLOCA_H 1
| #define HAVE_ALLOCA 1
| #define HAVE_STDLIB_H 1
| #define HAVE_UNISTD_H 1
| #define HAVE_GETPAGESIZE 1
| #define HAVE_MMAP 1
| #define HAVE_ICONV 1
| #define HAVE_LIMITS_H 1
| #define HAVE_LOCALE_H 1
| #define HAVE_NL_TYPES_H 1
| #define HAVE_STDDEF_H 1
| #define HAVE_STDLIB_H 1
| #define HAVE_STRING_H 1
| #define HAVE_UNISTD_H 1
| #define HAVE_SYS_PARAM_H 1
| #define HAVE_FEOF_UNLOCKED 1
| /* end confdefs.h.  */
| /* Define fgets_unlocked to an innocuous variant, in case <limits.h> declares fgets_unlocked.
|    For example, HP-UX 11i <limits.h> declares gettimeofday.  */
| #define fgets_unlocked innocuous_fgets_unlocked
| 
| /* System header to define __stub macros and hopefully few prototypes,
|     which can conflict with char fgets_unlocked (); below.
|     Prefer <limits.h> to <assert.h> if __STDC__ is defined, since
|     <limits.h> exists even on freestanding compilers.  */
| 
| #ifdef __STDC__
| # include <limits.h>
| #else
| # include <assert.h>
| #endif
| 
| #undef fgets_unlocked
| 
| /* Override any gcc2 internal prototype to avoid an error.  */
| #ifdef __cplusplus
| extern "C"
| {
| #endif
| /* We use char because int might match the return type of a gcc2
|    builtin and then its argument prototype would still apply.  */
| char fgets_unlocked ();
| /* The GNU C library defines this for functions which it implements
|     to always fail with ENOSYS.  Some functions are actually named
|     something starting with __ and the normal name is an alias.  */
| #if defined (__stub_fgets_unlocked) || defined (__stub___fgets_unlocked)
| choke me
| #else
| char (*f) () = fgets_unlocked;
| #endif
| #ifdef __cplusplus
| }
| #endif
| 
| int
| main ()
| {
| return f != fgets_unlocked;
|   ;
|   return 0;
| }
configure:21844: result: no
configure:21756: checking for getc_unlocked
configure:21813: gcc -o conftest -g -O2   conftest.c  >&5
configure:21819: $? = 0
configure:21823: test -z 
			 || test ! -s conftest.err
configure:21826: $? = 0
configure:21829: test -s conftest
configure:21832: $? = 0
configure:21844: result: yes
configure:21756: checking for getcwd
configure:21813: gcc -o conftest -g -O2   conftest.c  >&5
configure:21819: $? = 0
configure:21823: test -z 
			 || test ! -s conftest.err
configure:21826: $? = 0
configure:21829: test -s conftest
configure:21832: $? = 0
configure:21844: result: yes
configure:21756: checking for getegid
configure:21813: gcc -o conftest -g -O2   conftest.c  >&5
configure:21819: $? = 0
configure:21823: test -z 
			 || test ! -s conftest.err
configure:21826: $? = 0
configure:21829: test -s conftest
configure:21832: $? = 0
configure:21844: result: yes
configure:21756: checking for geteuid
configure:21813: gcc -o conftest -g -O2   conftest.c  >&5
configure:21819: $? = 0
configure:21823: test -z 
			 || test ! -s conftest.err
configure:21826: $? = 0
configure:21829: test -s conftest
configure:21832: $? = 0
configure:21844: result: yes
configure:21756: checking for getgid
configure:21813: gcc -o conftest -g -O2   conftest.c  >&5
configure:21819: $? = 0
configure:21823: test -z 
			 || test ! -s conftest.err
configure:21826: $? = 0
configure:21829: test -s conftest
configure:21832: $? = 0
configure:21844: result: yes
configure:21756: checking for getuid
configure:21813: gcc -o conftest -g -O2   conftest.c  >&5
configure:21819: $? = 0
configure:21823: test -z 
			 || test ! -s conftest.err
configure:21826: $? = 0
configure:21829: test -s conftest
configure:21832: $? = 0
configure:21844: result: yes
configure:21756: checking for mempcpy
configure:21813: gcc -o conftest -g -O2   conftest.c  >&5
conftest.c:81: warning: conflicting types for built-in function 'mempcpy'
Undefined symbols:
  "_mempcpy", referenced from:
      _f in ccadSTUJ.o
      _mempcpy$non_lazy_ptr in ccadSTUJ.o
ld: symbol(s) not found
collect2: ld returned 1 exit status
configure:21819: $? = 1
configure: failed program was:
| /* confdefs.h.  */
| 
| #define PACKAGE_NAME "hunspell"
| #define PACKAGE_TARNAME "hunspell"
| #define PACKAGE_VERSION "1.2.1"
| #define PACKAGE_STRING "hunspell 1.2.1"
| #define PACKAGE_BUGREPORT "nemeth@openoffice.org"
| #define PACKAGE "hunspell"
| #define VERSION "1.2.1"
| #ifdef __cplusplus
| extern "C" void std::exit (int); using std::exit;
| #endif
| #define STDC_HEADERS 1
| #define HAVE_SYS_TYPES_H 1
| #define HAVE_SYS_STAT_H 1
| #define HAVE_STDLIB_H 1
| #define HAVE_STRING_H 1
| #define HAVE_MEMORY_H 1
| #define HAVE_STRINGS_H 1
| #define HAVE_INTTYPES_H 1
| #define HAVE_STDINT_H 1
| #define HAVE_UNISTD_H 1
| #define HAVE_DLFCN_H 1
| #define HAVE_FCNTL_H 1
| #define HAVE_LOCALE_H 1
| #define HAVE_UNISTD_H 1
| #define HAVE_STDLIB_H 1
| #define HAVE_MALLOC 1
| #define STDC_HEADERS 1
| #define HAVE_MEMCHR 1
| #define HAVE_SETLOCALE 1
| #define HAVE_STRCHR 1
| #define HAVE_STRSTR 1
| #define HAVE_ALLOCA_H 1
| #define HAVE_ALLOCA 1
| #define HAVE_STDLIB_H 1
| #define HAVE_UNISTD_H 1
| #define HAVE_GETPAGESIZE 1
| #define HAVE_MMAP 1
| #define HAVE_ICONV 1
| #define HAVE_LIMITS_H 1
| #define HAVE_LOCALE_H 1
| #define HAVE_NL_TYPES_H 1
| #define HAVE_STDDEF_H 1
| #define HAVE_STDLIB_H 1
| #define HAVE_STRING_H 1
| #define HAVE_UNISTD_H 1
| #define HAVE_SYS_PARAM_H 1
| #define HAVE_FEOF_UNLOCKED 1
| #define HAVE_GETC_UNLOCKED 1
| #define HAVE_GETCWD 1
| #define HAVE_GETEGID 1
| #define HAVE_GETEUID 1
| #define HAVE_GETGID 1
| #define HAVE_GETUID 1
| /* end confdefs.h.  */
| /* Define mempcpy to an innocuous variant, in case <limits.h> declares mempcpy.
|    For example, HP-UX 11i <limits.h> declares gettimeofday.  */
| #define mempcpy innocuous_mempcpy
| 
| /* System header to define __stub macros and hopefully few prototypes,
|     which can conflict with char mempcpy (); below.
|     Prefer <limits.h> to <assert.h> if __STDC__ is defined, since
|     <limits.h> exists even on freestanding compilers.  */
| 
| #ifdef __STDC__
| # include <limits.h>
| #else
| # include <assert.h>
| #endif
| 
| #undef mempcpy
| 
| /* Override any gcc2 internal prototype to avoid an error.  */
| #ifdef __cplusplus
| extern "C"
| {
| #endif
| /* We use char because int might match the return type of a gcc2
|    builtin and then its argument prototype would still apply.  */
| char mempcpy ();
| /* The GNU C library defines this for functions which it implements
|     to always fail with ENOSYS.  Some functions are actually named
|     something starting with __ and the normal name is an alias.  */
| #if defined (__stub_mempcpy) || defined (__stub___mempcpy)
| choke me
| #else
| char (*f) () = mempcpy;
| #endif
| #ifdef __cplusplus
| }
| #endif
| 
| int
| main ()
| {
| return f != mempcpy;
|   ;
|   return 0;
| }
configure:21844: result: no
configure:21756: checking for munmap
configure:21813: gcc -o conftest -g -O2   conftest.c  >&5
configure:21819: $? = 0
configure:21823: test -z 
			 || test ! -s conftest.err
configure:21826: $? = 0
configure:21829: test -s conftest
configure:21832: $? = 0
configure:21844: result: yes
configure:21756: checking for putenv
configure:21813: gcc -o conftest -g -O2   conftest.c  >&5
configure:21819: $? = 0
configure:21823: test -z 
			 || test ! -s conftest.err
configure:21826: $? = 0
configure:21829: test -s conftest
configure:21832: $? = 0
configure:21844: result: yes
configure:21756: checking for setenv
configure:21813: gcc -o conftest -g -O2   conftest.c  >&5
configure:21819: $? = 0
configure:21823: test -z 
			 || test ! -s conftest.err
configure:21826: $? = 0
configure:21829: test -s conftest
configure:21832: $? = 0
configure:21844: result: yes
configure:21756: checking for setlocale
configure:21844: result: yes
configure:21756: checking for stpcpy
configure:21813: gcc -o conftest -g -O2   conftest.c  >&5
conftest.c:85: warning: conflicting types for built-in function 'stpcpy'
configure:21819: $? = 0
configure:21823: test -z 
			 || test ! -s conftest.err
configure:21826: $? = 0
configure:21829: test -s conftest
configure:21832: $? = 0
configure:21844: result: yes
configure:21756: checking for strcasecmp
configure:21813: gcc -o conftest -g -O2   conftest.c  >&5
configure:21819: $? = 0
configure:21823: test -z 
			 || test ! -s conftest.err
configure:21826: $? = 0
configure:21829: test -s conftest
configure:21832: $? = 0
configure:21844: result: yes
configure:21756: checking for strdup
configure:21813: gcc -o conftest -g -O2   conftest.c  >&5
conftest.c:87: warning: conflicting types for built-in function 'strdup'
configure:21819: $? = 0
configure:21823: test -z 
			 || test ! -s conftest.err
configure:21826: $? = 0
configure:21829: test -s conftest
configure:21832: $? = 0
configure:21844: result: yes
configure:21756: checking for strtoul
configure:21813: gcc -o conftest -g -O2   conftest.c  >&5
configure:21819: $? = 0
configure:21823: test -z 
			 || test ! -s conftest.err
configure:21826: $? = 0
configure:21829: test -s conftest
configure:21832: $? = 0
configure:21844: result: yes
configure:21756: checking for tsearch
configure:21813: gcc -o conftest -g -O2   conftest.c  >&5
configure:21819: $? = 0
configure:21823: test -z 
			 || test ! -s conftest.err
configure:21826: $? = 0
configure:21829: test -s conftest
configure:21832: $? = 0
configure:21844: result: yes
configure:21756: checking for __argz_count
configure:21813: gcc -o conftest -g -O2   conftest.c  >&5
Undefined symbols:
  "___argz_count", referenced from:
      _f in cc7OWcHl.o
      ___argz_count$non_lazy_ptr in cc7OWcHl.o
ld: symbol(s) not found
collect2: ld returned 1 exit status
configure:21819: $? = 1
configure: failed program was:
| /* confdefs.h.  */
| 
| #define PACKAGE_NAME "hunspell"
| #define PACKAGE_TARNAME "hunspell"
| #define PACKAGE_VERSION "1.2.1"
| #define PACKAGE_STRING "hunspell 1.2.1"
| #define PACKAGE_BUGREPORT "nemeth@openoffice.org"
| #define PACKAGE "hunspell"
| #define VERSION "1.2.1"
| #ifdef __cplusplus
| extern "C" void std::exit (int); using std::exit;
| #endif
| #define STDC_HEADERS 1
| #define HAVE_SYS_TYPES_H 1
| #define HAVE_SYS_STAT_H 1
| #define HAVE_STDLIB_H 1
| #define HAVE_STRING_H 1
| #define HAVE_MEMORY_H 1
| #define HAVE_STRINGS_H 1
| #define HAVE_INTTYPES_H 1
| #define HAVE_STDINT_H 1
| #define HAVE_UNISTD_H 1
| #define HAVE_DLFCN_H 1
| #define HAVE_FCNTL_H 1
| #define HAVE_LOCALE_H 1
| #define HAVE_UNISTD_H 1
| #define HAVE_STDLIB_H 1
| #define HAVE_MALLOC 1
| #define STDC_HEADERS 1
| #define HAVE_MEMCHR 1
| #define HAVE_SETLOCALE 1
| #define HAVE_STRCHR 1
| #define HAVE_STRSTR 1
| #define HAVE_ALLOCA_H 1
| #define HAVE_ALLOCA 1
| #define HAVE_STDLIB_H 1
| #define HAVE_UNISTD_H 1
| #define HAVE_GETPAGESIZE 1
| #define HAVE_MMAP 1
| #define HAVE_ICONV 1
| #define HAVE_LIMITS_H 1
| #define HAVE_LOCALE_H 1
| #define HAVE_NL_TYPES_H 1
| #define HAVE_STDDEF_H 1
| #define HAVE_STDLIB_H 1
| #define HAVE_STRING_H 1
| #define HAVE_UNISTD_H 1
| #define HAVE_SYS_PARAM_H 1
| #define HAVE_FEOF_UNLOCKED 1
| #define HAVE_GETC_UNLOCKED 1
| #define HAVE_GETCWD 1
| #define HAVE_GETEGID 1
| #define HAVE_GETEUID 1
| #define HAVE_GETGID 1
| #define HAVE_GETUID 1
| #define HAVE_MUNMAP 1
| #define HAVE_PUTENV 1
| #define HAVE_SETENV 1
| #define HAVE_SETLOCALE 1
| #define HAVE_STPCPY 1
| #define HAVE_STRCASECMP 1
| #define HAVE_STRDUP 1
| #define HAVE_STRTOUL 1
| #define HAVE_TSEARCH 1
| /* end confdefs.h.  */
| /* Define __argz_count to an innocuous variant, in case <limits.h> declares __argz_count.
|    For example, HP-UX 11i <limits.h> declares gettimeofday.  */
| #define __argz_count innocuous___argz_count
| 
| /* System header to define __stub macros and hopefully few prototypes,
|     which can conflict with char __argz_count (); below.
|     Prefer <limits.h> to <assert.h> if __STDC__ is defined, since
|     <limits.h> exists even on freestanding compilers.  */
| 
| #ifdef __STDC__
| # include <limits.h>
| #else
| # include <assert.h>
| #endif
| 
| #undef __argz_count
| 
| /* Override any gcc2 internal prototype to avoid an error.  */
| #ifdef __cplusplus
| extern "C"
| {
| #endif
| /* We use char because int might match the return type of a gcc2
|    builtin and then its argument prototype would still apply.  */
| char __argz_count ();
| /* The GNU C library defines this for functions which it implements
|     to always fail with ENOSYS.  Some functions are actually named
|     something starting with __ and the normal name is an alias.  */
| #if defined (__stub___argz_count) || defined (__stub_____argz_count)
| choke me
| #else
| char (*f) () = __argz_count;
| #endif
| #ifdef __cplusplus
| }
| #endif
| 
| int
| main ()
| {
| return f != __argz_count;
|   ;
|   return 0;
| }
configure:21844: result: no
configure:21756: checking for __argz_stringify
configure:21813: gcc -o conftest -g -O2   conftest.c  >&5
Undefined symbols:
  "___argz_stringify", referenced from:
      _f in ccVphzdi.o
      ___argz_stringify$non_lazy_ptr in ccVphzdi.o
ld: symbol(s) not found
collect2: ld returned 1 exit status
configure:21819: $? = 1
configure: failed program was:
| /* confdefs.h.  */
| 
| #define PACKAGE_NAME "hunspell"
| #define PACKAGE_TARNAME "hunspell"
| #define PACKAGE_VERSION "1.2.1"
| #define PACKAGE_STRING "hunspell 1.2.1"
| #define PACKAGE_BUGREPORT "nemeth@openoffice.org"
| #define PACKAGE "hunspell"
| #define VERSION "1.2.1"
| #ifdef __cplusplus
| extern "C" void std::exit (int); using std::exit;
| #endif
| #define STDC_HEADERS 1
| #define HAVE_SYS_TYPES_H 1
| #define HAVE_SYS_STAT_H 1
| #define HAVE_STDLIB_H 1
| #define HAVE_STRING_H 1
| #define HAVE_MEMORY_H 1
| #define HAVE_STRINGS_H 1
| #define HAVE_INTTYPES_H 1
| #define HAVE_STDINT_H 1
| #define HAVE_UNISTD_H 1
| #define HAVE_DLFCN_H 1
| #define HAVE_FCNTL_H 1
| #define HAVE_LOCALE_H 1
| #define HAVE_UNISTD_H 1
| #define HAVE_STDLIB_H 1
| #define HAVE_MALLOC 1
| #define STDC_HEADERS 1
| #define HAVE_MEMCHR 1
| #define HAVE_SETLOCALE 1
| #define HAVE_STRCHR 1
| #define HAVE_STRSTR 1
| #define HAVE_ALLOCA_H 1
| #define HAVE_ALLOCA 1
| #define HAVE_STDLIB_H 1
| #define HAVE_UNISTD_H 1
| #define HAVE_GETPAGESIZE 1
| #define HAVE_MMAP 1
| #define HAVE_ICONV 1
| #define HAVE_LIMITS_H 1
| #define HAVE_LOCALE_H 1
| #define HAVE_NL_TYPES_H 1
| #define HAVE_STDDEF_H 1
| #define HAVE_STDLIB_H 1
| #define HAVE_STRING_H 1
| #define HAVE_UNISTD_H 1
| #define HAVE_SYS_PARAM_H 1
| #define HAVE_FEOF_UNLOCKED 1
| #define HAVE_GETC_UNLOCKED 1
| #define HAVE_GETCWD 1
| #define HAVE_GETEGID 1
| #define HAVE_GETEUID 1
| #define HAVE_GETGID 1
| #define HAVE_GETUID 1
| #define HAVE_MUNMAP 1
| #define HAVE_PUTENV 1
| #define HAVE_SETENV 1
| #define HAVE_SETLOCALE 1
| #define HAVE_STPCPY 1
| #define HAVE_STRCASECMP 1
| #define HAVE_STRDUP 1
| #define HAVE_STRTOUL 1
| #define HAVE_TSEARCH 1
| /* end confdefs.h.  */
| /* Define __argz_stringify to an innocuous variant, in case <limits.h> declares __argz_stringify.
|    For example, HP-UX 11i <limits.h> declares gettimeofday.  */
| #define __argz_stringify innocuous___argz_stringify
| 
| /* System header to define __stub macros and hopefully few prototypes,
|     which can conflict with char __argz_stringify (); below.
|     Prefer <limits.h> to <assert.h> if __STDC__ is defined, since
|     <limits.h> exists even on freestanding compilers.  */
| 
| #ifdef __STDC__
| # include <limits.h>
| #else
| # include <assert.h>
| #endif
| 
| #undef __argz_stringify
| 
| /* Override any gcc2 internal prototype to avoid an error.  */
| #ifdef __cplusplus
| extern "C"
| {
| #endif
| /* We use char because int might match the return type of a gcc2
|    builtin and then its argument prototype would still apply.  */
| char __argz_stringify ();
| /* The GNU C library defines this for functions which it implements
|     to always fail with ENOSYS.  Some functions are actually named
|     something starting with __ and the normal name is an alias.  */
| #if defined (__stub___argz_stringify) || defined (__stub_____argz_stringify)
| choke me
| #else
| char (*f) () = __argz_stringify;
| #endif
| #ifdef __cplusplus
| }
| #endif
| 
| int
| main ()
| {
| return f != __argz_stringify;
|   ;
|   return 0;
| }
configure:21844: result: no
configure:21756: checking for __argz_next
configure:21813: gcc -o conftest -g -O2   conftest.c  >&5
Undefined symbols:
  "___argz_next", referenced from:
      _f in ccFwb0ty.o
      ___argz_next$non_lazy_ptr in ccFwb0ty.o
ld: symbol(s) not found
collect2: ld returned 1 exit status
configure:21819: $? = 1
configure: failed program was:
| /* confdefs.h.  */
| 
| #define PACKAGE_NAME "hunspell"
| #define PACKAGE_TARNAME "hunspell"
| #define PACKAGE_VERSION "1.2.1"
| #define PACKAGE_STRING "hunspell 1.2.1"
| #define PACKAGE_BUGREPORT "nemeth@openoffice.org"
| #define PACKAGE "hunspell"
| #define VERSION "1.2.1"
| #ifdef __cplusplus
| extern "C" void std::exit (int); using std::exit;
| #endif
| #define STDC_HEADERS 1
| #define HAVE_SYS_TYPES_H 1
| #define HAVE_SYS_STAT_H 1
| #define HAVE_STDLIB_H 1
| #define HAVE_STRING_H 1
| #define HAVE_MEMORY_H 1
| #define HAVE_STRINGS_H 1
| #define HAVE_INTTYPES_H 1
| #define HAVE_STDINT_H 1
| #define HAVE_UNISTD_H 1
| #define HAVE_DLFCN_H 1
| #define HAVE_FCNTL_H 1
| #define HAVE_LOCALE_H 1
| #define HAVE_UNISTD_H 1
| #define HAVE_STDLIB_H 1
| #define HAVE_MALLOC 1
| #define STDC_HEADERS 1
| #define HAVE_MEMCHR 1
| #define HAVE_SETLOCALE 1
| #define HAVE_STRCHR 1
| #define HAVE_STRSTR 1
| #define HAVE_ALLOCA_H 1
| #define HAVE_ALLOCA 1
| #define HAVE_STDLIB_H 1
| #define HAVE_UNISTD_H 1
| #define HAVE_GETPAGESIZE 1
| #define HAVE_MMAP 1
| #define HAVE_ICONV 1
| #define HAVE_LIMITS_H 1
| #define HAVE_LOCALE_H 1
| #define HAVE_NL_TYPES_H 1
| #define HAVE_STDDEF_H 1
| #define HAVE_STDLIB_H 1
| #define HAVE_STRING_H 1
| #define HAVE_UNISTD_H 1
| #define HAVE_SYS_PARAM_H 1
| #define HAVE_FEOF_UNLOCKED 1
| #define HAVE_GETC_UNLOCKED 1
| #define HAVE_GETCWD 1
| #define HAVE_GETEGID 1
| #define HAVE_GETEUID 1
| #define HAVE_GETGID 1
| #define HAVE_GETUID 1
| #define HAVE_MUNMAP 1
| #define HAVE_PUTENV 1
| #define HAVE_SETENV 1
| #define HAVE_SETLOCALE 1
| #define HAVE_STPCPY 1
| #define HAVE_STRCASECMP 1
| #define HAVE_STRDUP 1
| #define HAVE_STRTOUL 1
| #define HAVE_TSEARCH 1
| /* end confdefs.h.  */
| /* Define __argz_next to an innocuous variant, in case <limits.h> declares __argz_next.
|    For example, HP-UX 11i <limits.h> declares gettimeofday.  */
| #define __argz_next innocuous___argz_next
| 
| /* System header to define __stub macros and hopefully few prototypes,
|     which can conflict with char __argz_next (); below.
|     Prefer <limits.h> to <assert.h> if __STDC__ is defined, since
|     <limits.h> exists even on freestanding compilers.  */
| 
| #ifdef __STDC__
| # include <limits.h>
| #else
| # include <assert.h>
| #endif
| 
| #undef __argz_next
| 
| /* Override any gcc2 internal prototype to avoid an error.  */
| #ifdef __cplusplus
| extern "C"
| {
| #endif
| /* We use char because int might match the return type of a gcc2
|    builtin and then its argument prototype would still apply.  */
| char __argz_next ();
| /* The GNU C library defines this for functions which it implements
|     to always fail with ENOSYS.  Some functions are actually named
|     something starting with __ and the normal name is an alias.  */
| #if defined (__stub___argz_next) || defined (__stub_____argz_next)
| choke me
| #else
| char (*f) () = __argz_next;
| #endif
| #ifdef __cplusplus
| }
| #endif
| 
| int
| main ()
| {
| return f != __argz_next;
|   ;
|   return 0;
| }
configure:21844: result: no
configure:21858: checking for iconv declaration
configure:21892: gcc -c -g -O2  conftest.c >&5
configure:21898: $? = 0
configure:21902: test -z 
			 || test ! -s conftest.err
configure:21905: $? = 0
configure:21908: test -s conftest.o
configure:21911: $? = 0
configure:21926: result: 
         extern size_t iconv (iconv_t cd, char * *inbuf, size_t *inbytesleft, char * *outbuf, size_t *outbytesleft);
configure:21937: checking for nl_langinfo and CODESET
configure:21958: gcc -o conftest -g -O2   conftest.c  >&5
configure:21964: $? = 0
configure:21968: test -z 
			 || test ! -s conftest.err
configure:21971: $? = 0
configure:21974: test -s conftest
configure:21977: $? = 0
configure:21990: result: yes
configure:22001: checking for LC_MESSAGES
configure:22022: gcc -o conftest -g -O2   conftest.c  >&5
configure:22028: $? = 0
configure:22032: test -z 
			 || test ! -s conftest.err
configure:22035: $? = 0
configure:22038: test -s conftest
configure:22041: $? = 0
configure:22053: result: yes
configure:22068: checking for bison
configure:22084: found /usr/bin/bison
configure:22094: result: bison
configure:22107: checking version of bison
configure:22116: result: 2.3, ok
configure:22135: checking whether NLS is requested
configure:22144: result: yes
configure:22159: checking whether included gettext is requested
configure:22169: result: no
configure:22180: checking for GNU gettext in libc
configure:22204: gcc -o conftest -g -O2   conftest.c  >&5
conftest.c:69:21: error: libintl.h: No such file or directory
conftest.c: In function 'main':
conftest.c:76: warning: incompatible implicit declaration of built-in function 'gettext'
configure:22210: $? = 1
configure: failed program was:
| /* confdefs.h.  */
| 
| #define PACKAGE_NAME "hunspell"
| #define PACKAGE_TARNAME "hunspell"
| #define PACKAGE_VERSION "1.2.1"
| #define PACKAGE_STRING "hunspell 1.2.1"
| #define PACKAGE_BUGREPORT "nemeth@openoffice.org"
| #define PACKAGE "hunspell"
| #define VERSION "1.2.1"
| #ifdef __cplusplus
| extern "C" void std::exit (int); using std::exit;
| #endif
| #define STDC_HEADERS 1
| #define HAVE_SYS_TYPES_H 1
| #define HAVE_SYS_STAT_H 1
| #define HAVE_STDLIB_H 1
| #define HAVE_STRING_H 1
| #define HAVE_MEMORY_H 1
| #define HAVE_STRINGS_H 1
| #define HAVE_INTTYPES_H 1
| #define HAVE_STDINT_H 1
| #define HAVE_UNISTD_H 1
| #define HAVE_DLFCN_H 1
| #define HAVE_FCNTL_H 1
| #define HAVE_LOCALE_H 1
| #define HAVE_UNISTD_H 1
| #define HAVE_STDLIB_H 1
| #define HAVE_MALLOC 1
| #define STDC_HEADERS 1
| #define HAVE_MEMCHR 1
| #define HAVE_SETLOCALE 1
| #define HAVE_STRCHR 1
| #define HAVE_STRSTR 1
| #define HAVE_ALLOCA_H 1
| #define HAVE_ALLOCA 1
| #define HAVE_STDLIB_H 1
| #define HAVE_UNISTD_H 1
| #define HAVE_GETPAGESIZE 1
| #define HAVE_MMAP 1
| #define HAVE_ICONV 1
| #define HAVE_LIMITS_H 1
| #define HAVE_LOCALE_H 1
| #define HAVE_NL_TYPES_H 1
| #define HAVE_STDDEF_H 1
| #define HAVE_STDLIB_H 1
| #define HAVE_STRING_H 1
| #define HAVE_UNISTD_H 1
| #define HAVE_SYS_PARAM_H 1
| #define HAVE_FEOF_UNLOCKED 1
| #define HAVE_GETC_UNLOCKED 1
| #define HAVE_GETCWD 1
| #define HAVE_GETEGID 1
| #define HAVE_GETEUID 1
| #define HAVE_GETGID 1
| #define HAVE_GETUID 1
| #define HAVE_MUNMAP 1
| #define HAVE_PUTENV 1
| #define HAVE_SETENV 1
| #define HAVE_SETLOCALE 1
| #define HAVE_STPCPY 1
| #define HAVE_STRCASECMP 1
| #define HAVE_STRDUP 1
| #define HAVE_STRTOUL 1
| #define HAVE_TSEARCH 1
| #define ICONV_CONST 
| #define HAVE_LANGINFO_CODESET 1
| #define HAVE_LC_MESSAGES 1
| /* end confdefs.h.  */
| #include <libintl.h>
| extern int _nl_msg_cat_cntr;
| extern int *_nl_domain_bindings;
| int
| main ()
| {
| bindtextdomain ("", "");
| return (int) gettext ("") + _nl_msg_cat_cntr + *_nl_domain_bindings
|   ;
|   return 0;
| }
configure:22235: result: no
configure:22616: checking for GNU gettext in libintl
configure:22648: gcc -o conftest -g -O2    conftest.c  -lintl >&5
conftest.c:69:21: error: libintl.h: No such file or directory
conftest.c: In function 'main':
conftest.c:80: warning: incompatible implicit declaration of built-in function 'gettext'
configure:22654: $? = 1
configure: failed program was:
| /* confdefs.h.  */
| 
| #define PACKAGE_NAME "hunspell"
| #define PACKAGE_TARNAME "hunspell"
| #define PACKAGE_VERSION "1.2.1"
| #define PACKAGE_STRING "hunspell 1.2.1"
| #define PACKAGE_BUGREPORT "nemeth@openoffice.org"
| #define PACKAGE "hunspell"
| #define VERSION "1.2.1"
| #ifdef __cplusplus
| extern "C" void std::exit (int); using std::exit;
| #endif
| #define STDC_HEADERS 1
| #define HAVE_SYS_TYPES_H 1
| #define HAVE_SYS_STAT_H 1
| #define HAVE_STDLIB_H 1
| #define HAVE_STRING_H 1
| #define HAVE_MEMORY_H 1
| #define HAVE_STRINGS_H 1
| #define HAVE_INTTYPES_H 1
| #define HAVE_STDINT_H 1
| #define HAVE_UNISTD_H 1
| #define HAVE_DLFCN_H 1
| #define HAVE_FCNTL_H 1
| #define HAVE_LOCALE_H 1
| #define HAVE_UNISTD_H 1
| #define HAVE_STDLIB_H 1
| #define HAVE_MALLOC 1
| #define STDC_HEADERS 1
| #define HAVE_MEMCHR 1
| #define HAVE_SETLOCALE 1
| #define HAVE_STRCHR 1
| #define HAVE_STRSTR 1
| #define HAVE_ALLOCA_H 1
| #define HAVE_ALLOCA 1
| #define HAVE_STDLIB_H 1
| #define HAVE_UNISTD_H 1
| #define HAVE_GETPAGESIZE 1
| #define HAVE_MMAP 1
| #define HAVE_ICONV 1
| #define HAVE_LIMITS_H 1
| #define HAVE_LOCALE_H 1
| #define HAVE_NL_TYPES_H 1
| #define HAVE_STDDEF_H 1
| #define HAVE_STDLIB_H 1
| #define HAVE_STRING_H 1
| #define HAVE_UNISTD_H 1
| #define HAVE_SYS_PARAM_H 1
| #define HAVE_FEOF_UNLOCKED 1
| #define HAVE_GETC_UNLOCKED 1
| #define HAVE_GETCWD 1
| #define HAVE_GETEGID 1
| #define HAVE_GETEUID 1
| #define HAVE_GETGID 1
| #define HAVE_GETUID 1
| #define HAVE_MUNMAP 1
| #define HAVE_PUTENV 1
| #define HAVE_SETENV 1
| #define HAVE_SETLOCALE 1
| #define HAVE_STPCPY 1
| #define HAVE_STRCASECMP 1
| #define HAVE_STRDUP 1
| #define HAVE_STRTOUL 1
| #define HAVE_TSEARCH 1
| #define ICONV_CONST 
| #define HAVE_LANGINFO_CODESET 1
| #define HAVE_LC_MESSAGES 1
| /* end confdefs.h.  */
| #include <libintl.h>
| extern int _nl_msg_cat_cntr;
| extern
| #ifdef __cplusplus
| "C"
| #endif
| const char *_nl_expand_alias ();
| int
| main ()
| {
| bindtextdomain ("", "");
| return (int) gettext ("") + _nl_msg_cat_cntr + *_nl_expand_alias (0)
|   ;
|   return 0;
| }
configure:22703: gcc -o conftest -g -O2    conftest.c  -lintl -liconv >&5
conftest.c:69:21: error: libintl.h: No such file or directory
conftest.c: In function 'main':
conftest.c:80: warning: incompatible implicit declaration of built-in function 'gettext'
configure:22709: $? = 1
configure: failed program was:
| /* confdefs.h.  */
| 
| #define PACKAGE_NAME "hunspell"
| #define PACKAGE_TARNAME "hunspell"
| #define PACKAGE_VERSION "1.2.1"
| #define PACKAGE_STRING "hunspell 1.2.1"
| #define PACKAGE_BUGREPORT "nemeth@openoffice.org"
| #define PACKAGE "hunspell"
| #define VERSION "1.2.1"
| #ifdef __cplusplus
| extern "C" void std::exit (int); using std::exit;
| #endif
| #define STDC_HEADERS 1
| #define HAVE_SYS_TYPES_H 1
| #define HAVE_SYS_STAT_H 1
| #define HAVE_STDLIB_H 1
| #define HAVE_STRING_H 1
| #define HAVE_MEMORY_H 1
| #define HAVE_STRINGS_H 1
| #define HAVE_INTTYPES_H 1
| #define HAVE_STDINT_H 1
| #define HAVE_UNISTD_H 1
| #define HAVE_DLFCN_H 1
| #define HAVE_FCNTL_H 1
| #define HAVE_LOCALE_H 1
| #define HAVE_UNISTD_H 1
| #define HAVE_STDLIB_H 1
| #define HAVE_MALLOC 1
| #define STDC_HEADERS 1
| #define HAVE_MEMCHR 1
| #define HAVE_SETLOCALE 1
| #define HAVE_STRCHR 1
| #define HAVE_STRSTR 1
| #define HAVE_ALLOCA_H 1
| #define HAVE_ALLOCA 1
| #define HAVE_STDLIB_H 1
| #define HAVE_UNISTD_H 1
| #define HAVE_GETPAGESIZE 1
| #define HAVE_MMAP 1
| #define HAVE_ICONV 1
| #define HAVE_LIMITS_H 1
| #define HAVE_LOCALE_H 1
| #define HAVE_NL_TYPES_H 1
| #define HAVE_STDDEF_H 1
| #define HAVE_STDLIB_H 1
| #define HAVE_STRING_H 1
| #define HAVE_UNISTD_H 1
| #define HAVE_SYS_PARAM_H 1
| #define HAVE_FEOF_UNLOCKED 1
| #define HAVE_GETC_UNLOCKED 1
| #define HAVE_GETCWD 1
| #define HAVE_GETEGID 1
| #define HAVE_GETEUID 1
| #define HAVE_GETGID 1
| #define HAVE_GETUID 1
| #define HAVE_MUNMAP 1
| #define HAVE_PUTENV 1
| #define HAVE_SETENV 1
| #define HAVE_SETLOCALE 1
| #define HAVE_STPCPY 1
| #define HAVE_STRCASECMP 1
| #define HAVE_STRDUP 1
| #define HAVE_STRTOUL 1
| #define HAVE_TSEARCH 1
| #define ICONV_CONST 
| #define HAVE_LANGINFO_CODESET 1
| #define HAVE_LC_MESSAGES 1
| /* end confdefs.h.  */
| #include <libintl.h>
| extern int _nl_msg_cat_cntr;
| extern
| #ifdef __cplusplus
| "C"
| #endif
| const char *_nl_expand_alias ();
| int
| main ()
| {
| bindtextdomain ("", "");
| return (int) gettext ("") + _nl_msg_cat_cntr + *_nl_expand_alias (0)
|   ;
|   return 0;
| }
configure:22739: result: no
configure:23620: creating ./config.status

## ---------------------- ##
## Running config.status. ##
## ---------------------- ##

This file was extended by hunspell config.status 1.2.1, which was
generated by GNU Autoconf 2.59.  Invocation command line was

  CONFIG_FILES    = 
  CONFIG_HEADERS  = 
  CONFIG_LINKS    = 
  CONFIG_COMMANDS = 
  $ ./config.status 

on 220-128-103-142.HINET-IP.hinet.net

config.status:768: creating Makefile
config.status:768: creating hunspell.pc
config.status:768: creating man/Makefile
config.status:768: creating man/hu/Makefile
config.status:768: creating intl/Makefile
config.status:768: creating po/Makefile.in
config.status:768: creating m4/Makefile
config.status:768: creating src/Makefile
config.status:768: creating src/hunspell/Makefile
config.status:768: creating src/parsers/Makefile
config.status:768: creating src/tools/Makefile
config.status:768: creating src/win_api/Makefile
config.status:768: creating tests/Makefile
config.status:768: creating tests/suggestiontest/Makefile
config.status:872: creating config.h
config.status:1268: executing depfiles commands
config.status:1268: executing default-1 commands

## ---------------- ##
## Cache variables. ##
## ---------------- ##

ac_cv_build=i686-apple-darwin9.0.0
ac_cv_build_alias=i686-apple-darwin9.0.0
ac_cv_c_compiler_gnu=yes
ac_cv_c_const=yes
ac_cv_c_inline=inline
ac_cv_cxx_compiler_gnu=yes
ac_cv_env_CC_set=
ac_cv_env_CC_value=
ac_cv_env_CFLAGS_set=
ac_cv_env_CFLAGS_value=
ac_cv_env_CPPFLAGS_set=
ac_cv_env_CPPFLAGS_value=
ac_cv_env_CPP_set=
ac_cv_env_CPP_value=
ac_cv_env_CXXCPP_set=
ac_cv_env_CXXCPP_value=
ac_cv_env_CXXFLAGS_set=
ac_cv_env_CXXFLAGS_value=
ac_cv_env_CXX_set=
ac_cv_env_CXX_value=
ac_cv_env_F77_set=
ac_cv_env_F77_value=
ac_cv_env_FFLAGS_set=
ac_cv_env_FFLAGS_value=
ac_cv_env_LDFLAGS_set=
ac_cv_env_LDFLAGS_value=
ac_cv_env_build_alias_set=
ac_cv_env_build_alias_value=
ac_cv_env_host_alias_set=
ac_cv_env_host_alias_value=
ac_cv_env_target_alias_set=
ac_cv_env_target_alias_value=
ac_cv_exeext=
ac_cv_f77_compiler_gnu=no
ac_cv_func___argz_count=no
ac_cv_func___argz_next=no
ac_cv_func___argz_stringify=no
ac_cv_func_alloca_works=yes
ac_cv_func_feof_unlocked=yes
ac_cv_func_fgets_unlocked=no
ac_cv_func_getc_unlocked=yes
ac_cv_func_getcwd=yes
ac_cv_func_getegid=yes
ac_cv_func_geteuid=yes
ac_cv_func_getgid=yes
ac_cv_func_getpagesize=yes
ac_cv_func_getuid=yes
ac_cv_func_malloc_0_nonnull=yes
ac_cv_func_memchr=yes
ac_cv_func_mempcpy=no
ac_cv_func_mmap_fixed_mapped=yes
ac_cv_func_munmap=yes
ac_cv_func_putenv=yes
ac_cv_func_setenv=yes
ac_cv_func_setlocale=yes
ac_cv_func_stpcpy=yes
ac_cv_func_strcasecmp=yes
ac_cv_func_strchr=yes
ac_cv_func_strdup=yes
ac_cv_func_strstr=yes
ac_cv_func_strtoul=yes
ac_cv_func_tsearch=yes
ac_cv_gnu_library_2_1=no
ac_cv_header_argz_h=no
ac_cv_header_dlfcn_h=yes
ac_cv_header_error_h=no
ac_cv_header_fcntl_h=yes
ac_cv_header_inttypes_h=yes
ac_cv_header_libintl_h=no
ac_cv_header_limits_h=yes
ac_cv_header_locale_h=yes
ac_cv_header_malloc_h=no
ac_cv_header_memory_h=yes
ac_cv_header_nl_types_h=yes
ac_cv_header_stdc=yes
ac_cv_header_stddef_h=yes
ac_cv_header_stdint_h=yes
ac_cv_header_stdlib_h=yes
ac_cv_header_string_h=yes
ac_cv_header_strings_h=yes
ac_cv_header_sys_param_h=yes
ac_cv_header_sys_stat_h=yes
ac_cv_header_sys_types_h=yes
ac_cv_header_unistd_h=yes
ac_cv_host=i686-apple-darwin9.0.0
ac_cv_host_alias=i686-apple-darwin9.0.0
ac_cv_lib_cposix_strerror=no
ac_cv_lib_error_at_line=no
ac_cv_objext=o
ac_cv_path_GMSGFMT=/opt/local/bin/msgfmt
ac_cv_path_MSGFMT=/opt/local/bin/msgfmt
ac_cv_path_MSGMERGE=/opt/local/bin/msgmerge
ac_cv_path_XGETTEXT=/opt/local/bin/xgettext
ac_cv_path_install='/usr/bin/install -c'
ac_cv_prog_AWK=gawk
ac_cv_prog_CPP='gcc -E'
ac_cv_prog_CXXCPP='g++ -E'
ac_cv_prog_INTLBISON=bison
ac_cv_prog_ac_ct_AR=ar
ac_cv_prog_ac_ct_CC=gcc
ac_cv_prog_ac_ct_CXX=g++
ac_cv_prog_ac_ct_RANLIB=ranlib
ac_cv_prog_ac_ct_STRIP=strip
ac_cv_prog_cc_g=yes
ac_cv_prog_cc_stdc=
ac_cv_prog_cxx_g=yes
ac_cv_prog_egrep='grep -E'
ac_cv_prog_f77_g=no
ac_cv_prog_make_make_set=yes
ac_cv_target=i686-apple-darwin9.0.0
ac_cv_target_alias=i686-apple-darwin9.0.0
ac_cv_type_off_t=yes
ac_cv_type_size_t=yes
ac_cv_working_alloca_h=yes
acl_cv_path_LD=/usr/libexec/gcc/i686-apple-darwin9/4.0.1/ld
acl_cv_prog_gnu_ld=no
acl_cv_rpath=done
am_cv_CC_dependencies_compiler_type=gcc3
am_cv_CXX_dependencies_compiler_type=gcc3
am_cv_func_iconv=yes
am_cv_langinfo_codeset=yes
am_cv_lib_iconv=yes
am_cv_proto_iconv='extern size_t iconv (iconv_t cd, char * *inbuf, size_t *inbytesleft, char * *outbuf, size_t *outbytesleft);'
am_cv_proto_iconv_arg1=
am_cv_val_LC_MESSAGES=yes
gt_cv_func_gnugettext1_libc=no
gt_cv_func_gnugettext1_libintl=no
lt_cv_deplibs_check_method=pass_all
lt_cv_file_magic_cmd='$MAGIC_CMD'
lt_cv_file_magic_test_file=
lt_cv_ld_reload_flag=-r
lt_cv_objdir=.libs
lt_cv_path_LD=/usr/libexec/gcc/i686-apple-darwin9/4.0.1/ld
lt_cv_path_LDCXX=/usr/libexec/gcc/i686-apple-darwin9/4.0.1/ld
lt_cv_path_NM='/usr/bin/nm -p'
lt_cv_path_SED=/usr/bin/sed
lt_cv_prog_compiler_c_o=yes
lt_cv_prog_compiler_c_o_CXX=yes
lt_cv_prog_compiler_rtti_exceptions=no
lt_cv_prog_gnu_ld=no
lt_cv_prog_gnu_ldcxx=no
lt_cv_sys_global_symbol_pipe='sed -n -e '\''s/^.*[ 	]\([BCDEGRST][BCDEGRST]*\)[ 	][ 	]*_\([_A-Za-z][_A-Za-z0-9]*\)$/\1 _\2 \2/p'\'''
lt_cv_sys_global_symbol_to_c_name_address='sed -n -e '\''s/^: \([^ ]*\) $/  {\"\1\", (lt_ptr) 0},/p'\'' -e '\''s/^[BCDEGRST] \([^ ]*\) \([^ ]*\)$/  {"\2", (lt_ptr) \&\2},/p'\'''
lt_cv_sys_global_symbol_to_cdecl='sed -n -e '\''s/^. .* \(.*\)$/extern int \1;/p'\'''
lt_cv_sys_max_cmd_len=196608
lt_lt_cv_prog_compiler_c_o='"yes"'
lt_lt_cv_prog_compiler_c_o_CXX='"yes"'
lt_lt_cv_sys_global_symbol_pipe='"sed -n -e '\''s/^.*[ 	]\\([BCDEGRST][BCDEGRST]*\\)[ 	][ 	]*_\\([_A-Za-z][_A-Za-z0-9]*\\)\$/\\1 _\\2 \\2/p'\''"'
lt_lt_cv_sys_global_symbol_to_c_name_address='"sed -n -e '\''s/^: \\([^ ]*\\) \$/  {\\\"\\1\\\", (lt_ptr) 0},/p'\'' -e '\''s/^[BCDEGRST] \\([^ ]*\\) \\([^ ]*\\)\$/  {\"\\2\", (lt_ptr) \\&\\2},/p'\''"'
lt_lt_cv_sys_global_symbol_to_cdecl='"sed -n -e '\''s/^. .* \\(.*\\)\$/extern int \\1;/p'\''"'
nls_cv_force_use_gnu_gettext=no
nls_cv_header_intl=
nls_cv_header_libgt=
nls_cv_use_gnu_gettext=yes

## ----------------- ##
## Output variables. ##
## ----------------- ##

ACLOCAL='${SHELL} /Users/zonble/Works/openvanilla/Modules/Experiments/OVIMRomanNewStatic/hunspell-1.2.1/missing --run aclocal-1.9'
ALLOCA=''
AMDEPBACKSLASH='\'
AMDEP_FALSE='#'
AMDEP_TRUE=''
AMTAR='${SHELL} /Users/zonble/Works/openvanilla/Modules/Experiments/OVIMRomanNewStatic/hunspell-1.2.1/missing --run tar'
AR='ar'
AUTOCONF='${SHELL} /Users/zonble/Works/openvanilla/Modules/Experiments/OVIMRomanNewStatic/hunspell-1.2.1/missing --run autoconf'
AUTOHEADER='${SHELL} /Users/zonble/Works/openvanilla/Modules/Experiments/OVIMRomanNewStatic/hunspell-1.2.1/missing --run autoheader'
AUTOMAKE='${SHELL} /Users/zonble/Works/openvanilla/Modules/Experiments/OVIMRomanNewStatic/hunspell-1.2.1/missing --run automake-1.9'
AWK='gawk'
BUILD_INCLUDED_LIBINTL='yes'
CATOBJEXT='.gmo'
CC='gcc'
CCDEPMODE='depmode=gcc3'
CFLAGS='-g -O2'
CPP='gcc -E'
CPPFLAGS=''
CURSESLIB=''
CXX='g++'
CXXCPP='g++ -E'
CXXDEPMODE='depmode=gcc3'
CXXFLAGS='-g -O2'
CYGPATH_W='echo'
DATADIRNAME='share'
DEFS='-DHAVE_CONFIG_H'
DEPDIR='.deps'
ECHO='echo'
ECHO_C=''
ECHO_N='-n'
ECHO_T=''
EGREP='grep -E'
EXEEXT=''
F77=''
FFLAGS=''
GENCAT='gencat'
GLIBC21='no'
GMSGFMT='/opt/local/bin/msgfmt'
HUNSPELL_VERSION_MAJOR='1'
HUNSPELL_VERSION_MINOR='2'
INSTALL_DATA='${INSTALL} -m 644'
INSTALL_PROGRAM='${INSTALL}'
INSTALL_SCRIPT='${INSTALL}'
INSTALL_STRIP_PROGRAM='${SHELL} $(install_sh) -c -s'
INSTOBJEXT='.mo'
INTLBISON='bison'
INTLLIBS='${top_builddir}/intl/libintl.a -liconv'
INTLOBJS='$(GETTOBJS)'
INTL_LIBTOOL_SUFFIX_PREFIX=''
LDFLAGS=''
LIBICONV='-liconv'
LIBINTL='${top_builddir}/intl/libintl.a -liconv'
LIBOBJS=' error$U.o'
LIBS=''
LIBTOOL='$(SHELL) $(top_builddir)/libtool'
LN_S='ln -s'
LTLIBICONV='-liconv'
LTLIBINTL='${top_builddir}/intl/libintl.a -liconv'
LTLIBOBJS=' error$U.lo'
MAKEINFO='${SHELL} /Users/zonble/Works/openvanilla/Modules/Experiments/OVIMRomanNewStatic/hunspell-1.2.1/missing --run makeinfo'
MKINSTALLDIRS='./mkinstalldirs'
MSGFMT='/opt/local/bin/msgfmt'
MSGMERGE='/opt/local/bin/msgmerge'
OBJEXT='o'
PACKAGE='hunspell'
PACKAGE_BUGREPORT='nemeth@openoffice.org'
PACKAGE_NAME='hunspell'
PACKAGE_STRING='hunspell 1.2.1'
PACKAGE_TARNAME='hunspell'
PACKAGE_VERSION='1.2.1'
PATH_SEPARATOR=':'
POSUB='po'
RANLIB='ranlib'
READLINELIB=''
SED='/usr/bin/sed'
SET_MAKE=''
SHELL='/bin/sh'
STRIP='strip'
USE_INCLUDED_LIBINTL='yes'
USE_NLS='yes'
VERSION='1.2.1'
XFAILED=''
XGETTEXT='/opt/local/bin/xgettext'
ac_ct_AR='ar'
ac_ct_CC='gcc'
ac_ct_CXX='g++'
ac_ct_F77=''
ac_ct_RANLIB='ranlib'
ac_ct_STRIP='strip'
am__fastdepCC_FALSE='#'
am__fastdepCC_TRUE=''
am__fastdepCXX_FALSE='#'
am__fastdepCXX_TRUE=''
am__include='include'
am__leading_dot='.'
am__quote=''
am__tar='${AMTAR} chof - "$$tardir"'
am__untar='${AMTAR} xf -'
bindir='${exec_prefix}/bin'
build='i686-apple-darwin9.0.0'
build_alias=''
build_cpu='i686'
build_os='darwin9.0.0'
build_vendor='apple'
datadir='${prefix}/share'
exec_prefix='${prefix}'
host='i686-apple-darwin9.0.0'
host_alias=''
host_cpu='i686'
host_os='darwin9.0.0'
host_vendor='apple'
includedir='${prefix}/include'
infodir='${prefix}/info'
install_sh='/Users/zonble/Works/openvanilla/Modules/Experiments/OVIMRomanNewStatic/hunspell-1.2.1/install-sh'
libdir='${exec_prefix}/lib'
libexecdir='${exec_prefix}/libexec'
localstatedir='${prefix}/var'
mandir='${prefix}/man'
mkdir_p='$(mkinstalldirs)'
oldincludedir='/usr/include'
prefix='/usr/local'
program_transform_name='s,x,x,'
sbindir='${exec_prefix}/sbin'
sharedstatedir='${prefix}/com'
sysconfdir='${prefix}/etc'
target='i686-apple-darwin9.0.0'
target_alias=''
target_cpu='i686'
target_os='darwin9.0.0'
target_vendor='apple'

## ----------- ##
## confdefs.h. ##
## ----------- ##

#define ENABLE_NLS 1
#define HAVE_ALLOCA 1
#define HAVE_ALLOCA_H 1
#define HAVE_DLFCN_H 1
#define HAVE_FCNTL_H 1
#define HAVE_FEOF_UNLOCKED 1
#define HAVE_GETCWD 1
#define HAVE_GETC_UNLOCKED 1
#define HAVE_GETEGID 1
#define HAVE_GETEUID 1
#define HAVE_GETGID 1
#define HAVE_GETPAGESIZE 1
#define HAVE_GETUID 1
#define HAVE_ICONV 1
#define HAVE_INTTYPES_H 1
#define HAVE_LANGINFO_CODESET 1
#define HAVE_LC_MESSAGES 1
#define HAVE_LIMITS_H 1
#define HAVE_LOCALE_H 1
#define HAVE_LOCALE_H 1
#define HAVE_MALLOC 1
#define HAVE_MEMCHR 1
#define HAVE_MEMORY_H 1
#define HAVE_MMAP 1
#define HAVE_MUNMAP 1
#define HAVE_NL_TYPES_H 1
#define HAVE_PUTENV 1
#define HAVE_SETENV 1
#define HAVE_SETLOCALE 1
#define HAVE_SETLOCALE 1
#define HAVE_STDDEF_H 1
#define HAVE_STDINT_H 1
#define HAVE_STDLIB_H 1
#define HAVE_STDLIB_H 1
#define HAVE_STDLIB_H 1
#define HAVE_STDLIB_H 1
#define HAVE_STPCPY 1
#define HAVE_STRCASECMP 1
#define HAVE_STRCHR 1
#define HAVE_STRDUP 1
#define HAVE_STRINGS_H 1
#define HAVE_STRING_H 1
#define HAVE_STRING_H 1
#define HAVE_STRSTR 1
#define HAVE_STRTOUL 1
#define HAVE_SYS_PARAM_H 1
#define HAVE_SYS_STAT_H 1
#define HAVE_SYS_TYPES_H 1
#define HAVE_TSEARCH 1
#define HAVE_UNISTD_H 1
#define HAVE_UNISTD_H 1
#define HAVE_UNISTD_H 1
#define HAVE_UNISTD_H 1
#define ICONV_CONST 
#define PACKAGE "hunspell"
#define PACKAGE_BUGREPORT "nemeth@openoffice.org"
#define PACKAGE_NAME "hunspell"
#define PACKAGE_STRING "hunspell 1.2.1"
#define PACKAGE_TARNAME "hunspell"
#define PACKAGE_VERSION "1.2.1"
#define STDC_HEADERS 1
#define STDC_HEADERS 1
#define VERSION "1.2.1"
#endif
#ifdef __cplusplus
extern "C" void std::exit (int); using std::exit;

configure: exit 0
